<?xml version="1.0" encoding="utf-8"?>
<TestRun id="4ea439a3-5007-46e9-8cc8-d3b62b42c46f" name="@devbox 2026-07-27 19:21:34" xmlns="http://microsoft.com/schemas/VisualStudio/TeamTest/2010">
  <Times creation="2026-07-27T19:21:34.2410999+00:00" queuing="2026-07-27T19:21:34.2411000+00:00" start="2026-07-27T19:21:29.7890844+00:00" finish="2026-07-27T19:23:19.7632470+00:00" />
  <TestSettings name="default" id="c86cd8df-0af2-471e-92bc-0353e11447c2">
    <Deployment runDeploymentRoot="_devbox_2026-07-27_19_21_34" />
  </TestSettings>
  <Results>
    <UnitTestResult executionId="834647cc-b0ed-4483-8c37-5d13b49337bb" testId="5d5094c1-b8f5-cbfa-891b-1e6e71923176" testName="Sayra.Client.Configuration.Tests.PolicyEngineTests.NetworkPolicyManager_ShouldApplyNetworkPoliciesCorrectly" computerName="devbox" duration="00:00:00.0020680" startTime="2026-07-27T19:22:25.4826908+00:00" endTime="2026-07-27T19:22:25.4826909+00:00" testType="13cdc9d9-ddb5-4fa4-a97d-d965ccfc6d4b" outcome="Passed" testListId="8c84fa94-04c1-424b-9868-57a2d4851a1d" relativeResultsDirectory="834647cc-b0ed-4483-8c37-5d13b49337bb" />
    <UnitTestResult executionId="ba403386-79b4-40ed-9866-b98d7145f934" testId="29fa7c00-3fdf-de8b-31b8-ed2490dfa1a4" testName="Sayra.Client.Configuration.Tests.GameProtectionTests.PolicyEvaluation_BlockedProcess_ReturnsTerminate" computerName="devbox" duration="00:00:00.0009335" startTime="2026-07-27T19:22:34.5390754+00:00" endTime="2026-07-27T19:22:34.5390754+00:00" testType="13cdc9d9-ddb5-4fa4-a97d-d965ccfc6d4b" outcome="Passed" testListId="8c84fa94-04c1-424b-9868-57a2d4851a1d" relativeResultsDirectory="ba403386-79b4-40ed-9866-b98d7145f934" />
    <UnitTestResult executionId="f750ef80-1cf5-4b07-a3c8-ccf2ad19c4c5" testId="b60fbcfd-095e-db68-4595-ff088032e650" testName="Sayra.Client.Configuration.Tests.RuntimeTests.StateMachine_InvalidTransition_ThrowsRuntimeTransitionException(fromState: Created, toState: Running)" computerName="devbox" duration="00:00:00.0000734" startTime="2026-07-27T19:23:12.0391922+00:00" endTime="2026-07-27T19:23:12.0391922+00:00" testType="13cdc9d9-ddb5-4fa4-a97d-d965ccfc6d4b" outcome="Passed" testListId="8c84fa94-04c1-424b-9868-57a2d4851a1d" relativeResultsDirectory="f750ef80-1cf5-4b07-a3c8-ccf2ad19c4c5" />
    <UnitTestResult executionId="72838a19-4c7e-4087-9708-7c993183dfc4" testId="c98cc88a-1b97-741e-1dcd-3142c52adec3" testName="Sayra.Client.Configuration.Tests.OverlayTests.StateMachine_ValidTransitions_ShouldSucceed" computerName="devbox" duration="00:00:00.0027066" startTime="2026-07-27T19:23:12.0668981+00:00" endTime="2026-07-27T19:23:12.0668981+00:00" testType="13cdc9d9-ddb5-4fa4-a97d-d965ccfc6d4b" outcome="Passed" testListId="8c84fa94-04c1-424b-9868-57a2d4851a1d" relativeResultsDirectory="72838a19-4c7e-4087-9708-7c993183dfc4" />
    <UnitTestResult executionId="8af2e347-c639-4f6d-ab65-4e3e5907dd42" testId="f8b27c99-345a-d775-509d-43671481fc10" testName="Sayra.Client.Configuration.Tests.GameProtectionTests.SecurityEvents_EventPublishing_CallsDispatcherAndAuditLogger" computerName="devbox" duration="00:00:00.0133483" startTime="2026-07-27T19:22:34.5525877+00:00" endTime="2026-07-27T19:22:34.5525878+00:00" testType="13cdc9d9-ddb5-4fa4-a97d-d965ccfc6d4b" outcome="Passed" testListId="8c84fa94-04c1-424b-9868-57a2d4851a1d" relativeResultsDirectory="8af2e347-c639-4f6d-ab65-4e3e5907dd42" />
    <UnitTestResult executionId="149ea90b-089d-4fd8-a8a0-3daceb014a54" testId="46f6be8c-20eb-3396-dd7f-fff4e5846988" testName="Sayra.Client.Configuration.Tests.RemediationTests.UsbProtectionService_TrustedDeviceConnected_ShouldAllowAndAudit" computerName="devbox" duration="00:00:00.0059625" startTime="2026-07-27T19:22:33.4567335+00:00" endTime="2026-07-27T19:22:33.4567335+00:00" testType="13cdc9d9-ddb5-4fa4-a97d-d965ccfc6d4b" outcome="Passed" testListId="8c84fa94-04c1-424b-9868-57a2d4851a1d" relativeResultsDirectory="149ea90b-089d-4fd8-a8a0-3daceb014a54" />
    <UnitTestResult executionId="2e430942-a7d6-4591-9396-342a144016ac" testId="3d030101-09be-f228-aeae-8fb6463fbdf7" testName="Sayra.Client.Configuration.Tests.PolicyEngineTests.PolicyValidator_ShouldDetectMissingFields" computerName="devbox" duration="00:00:00.0006819" startTime="2026-07-27T19:22:25.4444703+00:00" endTime="2026-07-27T19:22:25.4444705+00:00" testType="13cdc9d9-ddb5-4fa4-a97d-d965ccfc6d4b" outcome="Passed" testListId="8c84fa94-04c1-424b-9868-57a2d4851a1d" relativeResultsDirectory="2e430942-a7d6-4591-9396-342a144016ac" />
    <UnitTestResult executionId="1dfebc60-b1d4-4e99-a29b-e2755ba7793d" testId="30167760-1290-ff79-4a03-359fd148a2fd" testName="Sayra.Client.Configuration.Tests.RuntimeTests.StateMachine_InvalidTransition_ThrowsRuntimeTransitionException(fromState: Created, toState: Completed)" computerName="devbox" duration="00:00:00.0000617" startTime="2026-07-27T19:23:12.0393233+00:00" endTime="2026-07-27T19:23:12.0393234+00:00" testType="13cdc9d9-ddb5-4fa4-a97d-d965ccfc6d4b" outcome="Passed" testListId="8c84fa94-04c1-424b-9868-57a2d4851a1d" relativeResultsDirectory="1dfebc60-b1d4-4e99-a29b-e2755ba7793d" />
    <UnitTestResult executionId="e47fbc58-f901-439a-9723-094272003870" testId="a9d7ecb7-a620-7d52-1e1f-00ce4c4c6a8c" testName="Sayra.Client.Configuration.Tests.GameProtectionTests.RuleEngine_MultipleRules_HandlesPriorityAndSeverity" computerName="devbox" duration="00:00:00.0012939" startTime="2026-07-27T19:22:34.5380558+00:00" endTime="2026-07-27T19:22:34.5380558+00:00" testType="13cdc9d9-ddb5-4fa4-a97d-d965ccfc6d4b" outcome="Passed" testListId="8c84fa94-04c1-424b-9868-57a2d4851a1d" relativeResultsDirectory="e47fbc58-f901-439a-9723-094272003870" />
    <UnitTestResult executionId="66fcc438-506c-48fe-9e70-d3a45d46da19" testId="ecbe727e-5ebc-aa9a-6dd3-7d0a52e57132" testName="Sayra.Client.Configuration.Tests.RecoveryAndHardeningTests.Test_UnexpectedShutdown_PreservesTelemetryState_And_StateTransition" computerName="devbox" duration="00:00:00.2044036" startTime="2026-07-27T19:22:30.3163648+00:00" endTime="2026-07-27T19:22:30.3163651+00:00" testType="13cdc9d9-ddb5-4fa4-a97d-d965ccfc6d4b" outcome="Passed" testListId="8c84fa94-04c1-424b-9868-57a2d4851a1d" relativeResultsDirectory="66fcc438-506c-48fe-9e70-d3a45d46da19" />
    <UnitTestResult executionId="c2ec0baf-d20b-4195-b1e4-6bb84369a0fb" testId="25a74b99-1e38-bcfa-38ad-11a98090b3c1" testName="Sayra.Client.Configuration.Tests.KioskSecurityTests.PolicyEngine_LoadAndSave_AppliesCorrectly" computerName="devbox" duration="00:00:00.0433449" startTime="2026-07-27T19:22:25.9110457+00:00" endTime="2026-07-27T19:22:25.9110459+00:00" testType="13cdc9d9-ddb5-4fa4-a97d-d965ccfc6d4b" outcome="Passed" testListId="8c84fa94-04c1-424b-9868-57a2d4851a1d" relativeResultsDirectory="c2ec0baf-d20b-4195-b1e4-6bb84369a0fb" />
    <UnitTestResult executionId="4359e0ee-2946-407a-a96d-9283f000fd8c" testId="d2d82599-7f34-f2cb-6a16-092b262bd6ff" testName="Sayra.Client.Configuration.Tests.RecoveryAndHardeningTests.Test_DatabaseConsistentReindex_IsPerformedCorrectly" computerName="devbox" duration="00:00:00.0033953" startTime="2026-07-27T19:22:29.6459908+00:00" endTime="2026-07-27T19:22:29.6459910+00:00" testType="13cdc9d9-ddb5-4fa4-a97d-d965ccfc6d4b" outcome="Passed" testListId="8c84fa94-04c1-424b-9868-57a2d4851a1d" relativeResultsDirectory="4359e0ee-2946-407a-a96d-9283f000fd8c" />
    <UnitTestResult executionId="7b3eedd8-e4e4-42e7-aa3b-317911e2c71a" testId="df8ef28b-954a-b15b-69e4-ff9ce2190d6a" testName="Sayra.Client.Configuration.Tests.RuntimeSessionManagementTests.TimerService_TriggerWarningsAndExpiration_ViaManualTick" computerName="devbox" duration="00:00:00.0050381" startTime="2026-07-27T19:22:25.5399183+00:00" endTime="2026-07-27T19:22:25.5399186+00:00" testType="13cdc9d9-ddb5-4fa4-a97d-d965ccfc6d4b" outcome="Passed" testListId="8c84fa94-04c1-424b-9868-57a2d4851a1d" relativeResultsDirectory="7b3eedd8-e4e4-42e7-aa3b-317911e2c71a" />
    <UnitTestResult executionId="cd16ae91-bda2-47ae-9264-b97424600e9d" testId="2bcedfca-9587-756e-b246-3f04b448a324" testName="Sayra.Client.Configuration.Tests.RecoveryAndHardeningTests.Test_SecurityHardening_DetectsTamperedMediaChecksums" computerName="devbox" duration="00:00:00.0135266" startTime="2026-07-27T19:22:30.3393183+00:00" endTime="2026-07-27T19:22:30.3393186+00:00" testType="13cdc9d9-ddb5-4fa4-a97d-d965ccfc6d4b" outcome="Passed" testListId="8c84fa94-04c1-424b-9868-57a2d4851a1d" relativeResultsDirectory="cd16ae91-bda2-47ae-9264-b97424600e9d" />
    <UnitTestResult executionId="32775474-c7d1-4999-90a9-ceab7b60774e" testId="5dcbe7b7-c3ab-4bcd-391e-2504593ba2d4" testName="Sayra.Client.Configuration.Tests.OverlayTests.OverlayManager_Update_ShouldTransitionAndCallWindowService" computerName="devbox" duration="00:00:00.0049680" startTime="2026-07-27T19:23:12.0588263+00:00" endTime="2026-07-27T19:23:12.0588264+00:00" testType="13cdc9d9-ddb5-4fa4-a97d-d965ccfc6d4b" outcome="Passed" testListId="8c84fa94-04c1-424b-9868-57a2d4851a1d" relativeResultsDirectory="32775474-c7d1-4999-90a9-ceab7b60774e" />
    <UnitTestResult executionId="978132b2-653b-489f-8d9e-68c0afe3ea15" testId="dc17ab45-a84d-65a1-59c6-aee37e550d00" testName="Sayra.Client.Configuration.Tests.ConfigurationSyncTests.RollbackManager_ShouldRestoreBackup_WhenActiveIsCorrupted" computerName="devbox" duration="00:00:00.6119687" startTime="2026-07-27T19:22:28.3399509+00:00" endTime="2026-07-27T19:22:28.3399511+00:00" testType="13cdc9d9-ddb5-4fa4-a97d-d965ccfc6d4b" outcome="Passed" testListId="8c84fa94-04c1-424b-9868-57a2d4851a1d" relativeResultsDirectory="978132b2-653b-489f-8d9e-68c0afe3ea15" />
    <UnitTestResult executionId="677636d9-7cf3-40b2-8a15-636bf9696fef" testId="675b93b0-f335-b8e7-59c2-ba684a4e40fa" testName="Sayra.Client.Configuration.Tests.KioskSecurityTests.KeyboardRestriction_EnableAndDisable_SetsHookActiveState" computerName="devbox" duration="00:00:00.0013940" startTime="2026-07-27T19:22:25.9143687+00:00" endTime="2026-07-27T19:22:25.9143689+00:00" testType="13cdc9d9-ddb5-4fa4-a97d-d965ccfc6d4b" outcome="Passed" testListId="8c84fa94-04c1-424b-9868-57a2d4851a1d" relativeResultsDirectory="677636d9-7cf3-40b2-8a15-636bf9696fef" />
    <UnitTestResult executionId="89e62e01-c0f6-43b8-b9f6-1bd4438ab5c3" testId="2971874a-fae4-32a4-0fd3-62a54fc3d318" testName="Sayra.Client.Configuration.Tests.OverlayTests.StateMachine_InvalidTransitions_ShouldThrowException" computerName="devbox" duration="00:00:00.0018545" startTime="2026-07-27T19:23:12.0752216+00:00" endTime="2026-07-27T19:23:12.0752217+00:00" testType="13cdc9d9-ddb5-4fa4-a97d-d965ccfc6d4b" outcome="Passed" testListId="8c84fa94-04c1-424b-9868-57a2d4851a1d" relativeResultsDirectory="89e62e01-c0f6-43b8-b9f6-1bd4438ab5c3" />
    <UnitTestResult executionId="b238bd8b-5143-4515-a020-eb227bf2bde7" testId="05c6cd26-35d1-e1cf-0771-dce942b0de31" testName="Sayra.Client.Configuration.Tests.RemediationTests.RuntimePolicyOptions_InvalidWarningThresholds_ShouldThrowArgumentException" computerName="devbox" duration="00:00:00.0008656" startTime="2026-07-27T19:22:33.4273578+00:00" endTime="2026-07-27T19:22:33.4273578+00:00" testType="13cdc9d9-ddb5-4fa4-a97d-d965ccfc6d4b" outcome="Passed" testListId="8c84fa94-04c1-424b-9868-57a2d4851a1d" relativeResultsDirectory="b238bd8b-5143-4515-a020-eb227bf2bde7" />
    <UnitTestResult executionId="7faef2ae-12da-4ad6-8b91-0f2d9fb5cf79" testId="6a99eaee-5236-a604-6ce5-7ed1f85261f3" testName="Sayra.Client.Configuration.Tests.SecureLaunchTests.LaunchAsync_UserSessionUnavailable_ShouldFailAndThrowCorrectException" computerName="devbox" duration="00:00:00.0034988" startTime="2026-07-27T19:22:25.2052263+00:00" endTime="2026-07-27T19:22:25.2052266+00:00" testType="13cdc9d9-ddb5-4fa4-a97d-d965ccfc6d4b" outcome="Passed" testListId="8c84fa94-04c1-424b-9868-57a2d4851a1d" relativeResultsDirectory="7faef2ae-12da-4ad6-8b91-0f2d9fb5cf79" />
    <UnitTestResult executionId="6bc327fc-8338-463f-a324-0de5dea4521b" testId="28da048f-ed4d-9543-9221-c1c259d1de7d" testName="Sayra.Client.Configuration.Tests.GameProtectionTests.PolicyEvaluation_UnknownProcess_WithStrictWhitelisting_ReturnsTerminate" computerName="devbox" duration="00:00:00.0006888" startTime="2026-07-27T19:22:34.5321964+00:00" endTime="2026-07-27T19:22:34.5321964+00:00" testType="13cdc9d9-ddb5-4fa4-a97d-d965ccfc6d4b" outcome="Passed" testListId="8c84fa94-04c1-424b-9868-57a2d4851a1d" relativeResultsDirectory="6bc327fc-8338-463f-a324-0de5dea4521b" />
    <UnitTestResult executionId="a8d41926-0cbd-4eef-9742-c345b765eeb2" testId="28c9df08-8aae-a95e-8b77-ed55986baeca" testName="Sayra.Client.Configuration.Tests.GameProtectionTests.IntegrityValidation_MissingFile_ReturnsInvalid" computerName="devbox" duration="00:00:00.0005931" startTime="2026-07-27T19:22:34.5365596+00:00" endTime="2026-07-27T19:22:34.5365597+00:00" testType="13cdc9d9-ddb5-4fa4-a97d-d965ccfc6d4b" outcome="Passed" testListId="8c84fa94-04c1-424b-9868-57a2d4851a1d" relativeResultsDirectory="a8d41926-0cbd-4eef-9742-c345b765eeb2" />
    <UnitTestResult executionId="e377a6ff-f3ee-4e01-9e3e-208b52752f23" testId="be23cb6f-1042-c945-a010-a789803e7954" testName="Sayra.Client.Configuration.Tests.RemoteCommandTests.SecurityPipeline_InvalidSignature_ShouldBeRejectedAndLogAudit" computerName="devbox" duration="00:00:00.2148324" startTime="2026-07-27T19:21:44.1536123+00:00" endTime="2026-07-27T19:21:44.1536126+00:00" testType="13cdc9d9-ddb5-4fa4-a97d-d965ccfc6d4b" outcome="Passed" testListId="8c84fa94-04c1-424b-9868-57a2d4851a1d" relativeResultsDirectory="e377a6ff-f3ee-4e01-9e3e-208b52752f23" />
    <UnitTestResult executionId="40bb871a-df90-4fb6-9126-f51bc4d969c5" testId="5f5c1482-9e19-8432-aebc-9d7aac6bb9bf" testName="Sayra.Client.Configuration.Tests.AdvertisementSystemTests.Scheduler_Selects_Highest_Priority_Active_And_Respects_Daily_Hours" computerName="devbox" duration="00:00:00.1028480" startTime="2026-07-27T19:21:35.9261303+00:00" endTime="2026-07-27T19:21:35.9261307+00:00" testType="13cdc9d9-ddb5-4fa4-a97d-d965ccfc6d4b" outcome="Passed" testListId="8c84fa94-04c1-424b-9868-57a2d4851a1d" relativeResultsDirectory="40bb871a-df90-4fb6-9126-f51bc4d969c5" />
    <UnitTestResult executionId="1b2eb497-70f8-4d94-8e7c-8f1d8ca821cb" testId="743e76a9-8575-a8e0-111e-4ccae1d82402" testName="Sayra.Client.Configuration.Tests.SecurityTests.Adversarial_ReplayProtection_Rejects_Stale_Signed_Messages" computerName="devbox" duration="00:00:00.0066131" startTime="2026-07-27T19:22:31.0931636+00:00" endTime="2026-07-27T19:22:31.0931652+00:00" testType="13cdc9d9-ddb5-4fa4-a97d-d965ccfc6d4b" outcome="Passed" testListId="8c84fa94-04c1-424b-9868-57a2d4851a1d" relativeResultsDirectory="1b2eb497-70f8-4d94-8e7c-8f1d8ca821cb" />
    <UnitTestResult executionId="6a4c7993-aa23-464c-96e5-6c525acc86c4" testId="4fc07fc9-8eb3-fb4a-38aa-a52178bc4c06" testName="Sayra.Client.Configuration.Tests.SecurityTests.Verify_KioskSecurityService_Keyboard_Blocking_According_To_Policy" computerName="devbox" duration="00:00:00.0875491" startTime="2026-07-27T19:22:32.5238134+00:00" endTime="2026-07-27T19:22:32.5238135+00:00" testType="13cdc9d9-ddb5-4fa4-a97d-d965ccfc6d4b" outcome="Passed" testListId="8c84fa94-04c1-424b-9868-57a2d4851a1d" relativeResultsDirectory="6a4c7993-aa23-464c-96e5-6c525acc86c4" />
    <UnitTestResult executionId="1f637d3c-7e1a-448c-b79c-baa4b24ffc5a" testId="f3ac1aea-78e6-1111-15c8-02b8ccf00275" testName="Sayra.Client.Configuration.Tests.RemoteCommandTests.RestartApplicationHandler_ShouldThrowNotImplementedException" computerName="devbox" duration="00:00:00.1269113" startTime="2026-07-27T19:21:44.6830797+00:00" endTime="2026-07-27T19:21:44.6830799+00:00" testType="13cdc9d9-ddb5-4fa4-a97d-d965ccfc6d4b" outcome="Passed" testListId="8c84fa94-04c1-424b-9868-57a2d4851a1d" relativeResultsDirectory="1f637d3c-7e1a-448c-b79c-baa4b24ffc5a" />
    <UnitTestResult executionId="cd19ea88-5428-4e36-915c-9bb6c8caa6a2" testId="a0309095-1fb6-f6de-1525-930ffcfd0086" testName="Sayra.Client.Configuration.Tests.KioskSecurityTests.SystemRestriction_ProcessBlocking_DetectsBlockedName" computerName="devbox" duration="00:00:00.0015830" startTime="2026-07-27T19:22:25.9127703+00:00" endTime="2026-07-27T19:22:25.9127706+00:00" testType="13cdc9d9-ddb5-4fa4-a97d-d965ccfc6d4b" outcome="Passed" testListId="8c84fa94-04c1-424b-9868-57a2d4851a1d" relativeResultsDirectory="cd19ea88-5428-4e36-915c-9bb6c8caa6a2" />
    <UnitTestResult executionId="91e12c15-cf4f-4500-b69b-7b4e158bbf17" testId="51f24197-b9ce-a49d-ab42-a11fe4bad26d" testName="Sayra.Client.Configuration.Tests.PolicyEngineTests.SynchronizationService_ShouldAcceptNewerVersionCode" computerName="devbox" duration="00:00:00.0040633" startTime="2026-07-27T19:22:25.4803932+00:00" endTime="2026-07-27T19:22:25.4803933+00:00" testType="13cdc9d9-ddb5-4fa4-a97d-d965ccfc6d4b" outcome="Passed" testListId="8c84fa94-04c1-424b-9868-57a2d4851a1d" relativeResultsDirectory="91e12c15-cf4f-4500-b69b-7b4e158bbf17" />
    <UnitTestResult executionId="05292344-ae43-47cb-9bd2-bb74fe6ca5d5" testId="b36dcd0c-22f6-64ca-6ea3-ed59c1f51571" testName="Sayra.Client.Configuration.Tests.RuntimeTests.SessionManager_CreateAsync_CreatesSessionAndSetsCorrectStates" computerName="devbox" duration="00:00:00.0032780" startTime="2026-07-27T19:23:12.0459229+00:00" endTime="2026-07-27T19:23:12.0459229+00:00" testType="13cdc9d9-ddb5-4fa4-a97d-d965ccfc6d4b" outcome="Passed" testListId="8c84fa94-04c1-424b-9868-57a2d4851a1d" relativeResultsDirectory="05292344-ae43-47cb-9bd2-bb74fe6ca5d5" />
    <UnitTestResult executionId="dd13073b-ff46-4ac5-a375-07e258269cd3" testId="bbfd901e-15ae-b00f-be43-2c47dbac334a" testName="Sayra.Client.Configuration.Tests.AdvertisementSystemTests.DownloadManager_Saves_Valid_File_And_Resumes_Interrupted_Download" computerName="devbox" duration="00:00:00.7319681" startTime="2026-07-27T19:21:37.3756260+00:00" endTime="2026-07-27T19:21:37.3756264+00:00" testType="13cdc9d9-ddb5-4fa4-a97d-d965ccfc6d4b" outcome="Passed" testListId="8c84fa94-04c1-424b-9868-57a2d4851a1d" relativeResultsDirectory="dd13073b-ff46-4ac5-a375-07e258269cd3" />
    <UnitTestResult executionId="b39c942a-66ed-41de-a9db-b4fec6c0afab" testId="34fed414-8e73-9806-0037-381456a16b3b" testName="Sayra.Client.Configuration.Tests.PolicyEngineTests.PolicyEngine_ShouldPerformCompleteRollbackOnPartialRuleFailure" computerName="devbox" duration="00:00:00.0013898" startTime="2026-07-27T19:22:25.4435312+00:00" endTime="2026-07-27T19:22:25.4435314+00:00" testType="13cdc9d9-ddb5-4fa4-a97d-d965ccfc6d4b" outcome="Passed" testListId="8c84fa94-04c1-424b-9868-57a2d4851a1d" relativeResultsDirectory="b39c942a-66ed-41de-a9db-b4fec6c0afab" />
    <UnitTestResult executionId="51843235-707e-4121-810d-aa2fe098208a" testId="f56b9d39-f579-5904-a59e-7634066f4230" testName="Sayra.Client.Configuration.Tests.LiveTelemetryTests.Test_CancellationSupport_RespectsCancellationToken" computerName="devbox" duration="00:00:00.0601894" startTime="2026-07-27T19:22:25.8465695+00:00" endTime="2026-07-27T19:22:25.8465697+00:00" testType="13cdc9d9-ddb5-4fa4-a97d-d965ccfc6d4b" outcome="Passed" testListId="8c84fa94-04c1-424b-9868-57a2d4851a1d" relativeResultsDirectory="51843235-707e-4121-810d-aa2fe098208a" />
    <UnitTestResult executionId="34dc958e-5aa4-4a37-a799-6148f875bfc8" testId="8e18fee6-86a8-d983-47eb-0cb85496ba93" testName="Sayra.Client.Configuration.Tests.SecureTransportTests.Verify_Valid_Certificate_Accepted_Expired_Rejected" computerName="devbox" duration="00:00:00.4398965" startTime="2026-07-27T19:23:18.1324081+00:00" endTime="2026-07-27T19:23:18.1324082+00:00" testType="13cdc9d9-ddb5-4fa4-a97d-d965ccfc6d4b" outcome="Passed" testListId="8c84fa94-04c1-424b-9868-57a2d4851a1d" relativeResultsDirectory="34dc958e-5aa4-4a37-a799-6148f875bfc8" />
    <UnitTestResult executionId="fbed5bb9-aacd-4729-a768-847b54af7235" testId="e61c7608-4719-003f-2ceb-4faefa3e023b" testName="Sayra.Client.Configuration.Tests.FleetManagementTests.Alert_Generation_And_Suppression_And_Escalation" computerName="devbox" duration="00:00:00.7353539" startTime="2026-07-27T19:22:21.7783702+00:00" endTime="2026-07-27T19:22:21.7783705+00:00" testType="13cdc9d9-ddb5-4fa4-a97d-d965ccfc6d4b" outcome="Passed" testListId="8c84fa94-04c1-424b-9868-57a2d4851a1d" relativeResultsDirectory="fbed5bb9-aacd-4729-a768-847b54af7235" />
    <UnitTestResult executionId="f705b721-a25f-47bd-b540-3c9919171789" testId="a1ca92e7-7221-e3b2-cfbd-1d539d231d67" testName="Sayra.Client.Configuration.Tests.SecurityTests.Verify_SecureDesktopManager_Simulates_Desktop_Operations_Successfully" computerName="devbox" duration="00:00:00.0006990" startTime="2026-07-27T19:22:32.5582672+00:00" endTime="2026-07-27T19:22:32.5582673+00:00" testType="13cdc9d9-ddb5-4fa4-a97d-d965ccfc6d4b" outcome="Passed" testListId="8c84fa94-04c1-424b-9868-57a2d4851a1d" relativeResultsDirectory="f705b721-a25f-47bd-b540-3c9919171789" />
    <UnitTestResult executionId="241480e9-61e1-465a-9c2c-186d11774d6b" testId="f9a7d40f-7df6-c8e9-5e26-d30250c4c919" testName="Sayra.Client.Configuration.Tests.SecurityTests.KeyLifecycle_VerifyStateTransitionsAndCleanup" computerName="devbox" duration="00:00:00.0035314" startTime="2026-07-27T19:22:32.5430012+00:00" endTime="2026-07-27T19:22:32.5430013+00:00" testType="13cdc9d9-ddb5-4fa4-a97d-d965ccfc6d4b" outcome="Passed" testListId="8c84fa94-04c1-424b-9868-57a2d4851a1d" relativeResultsDirectory="241480e9-61e1-465a-9c2c-186d11774d6b" />
    <UnitTestResult executionId="140770d2-f8da-4ac8-9543-abf3522bc539" testId="f0cc66bb-0074-702d-5c9e-55aec5d9caaa" testName="Sayra.Client.Configuration.Tests.PolicyEngineTests.SynchronizationService_ShouldEmitAllRequiredAuditEvents" computerName="devbox" duration="00:00:00.0085286" startTime="2026-07-27T19:22:25.4712983+00:00" endTime="2026-07-27T19:22:25.4712985+00:00" testType="13cdc9d9-ddb5-4fa4-a97d-d965ccfc6d4b" outcome="Passed" testListId="8c84fa94-04c1-424b-9868-57a2d4851a1d" relativeResultsDirectory="140770d2-f8da-4ac8-9543-abf3522bc539" />
    <UnitTestResult executionId="90b5e403-ecc2-4d1c-98f5-44330dfe1f88" testId="b4b3cdc1-ae05-16ae-6ed3-6dbec3f1fae8" testName="Sayra.Client.Configuration.Tests.GameProtectionTests.SecurityEvents_EventCreation_SetsPropertiesCorrectly" computerName="devbox" duration="00:00:00.0012765" startTime="2026-07-27T19:22:34.5313791+00:00" endTime="2026-07-27T19:22:34.5313792+00:00" testType="13cdc9d9-ddb5-4fa4-a97d-d965ccfc6d4b" outcome="Passed" testListId="8c84fa94-04c1-424b-9868-57a2d4851a1d" relativeResultsDirectory="90b5e403-ecc2-4d1c-98f5-44330dfe1f88" />
    <UnitTestResult executionId="ae242561-10d2-4877-9423-6f5ade57f664" testId="cac68c8b-f0db-e52c-8213-6353ad088902" testName="Sayra.Client.Configuration.Tests.FleetManagementTests.Bulk_Operation_Execution_And_Tracking" computerName="devbox" duration="00:00:01.5791595" startTime="2026-07-27T19:22:19.0238077+00:00" endTime="2026-07-27T19:22:19.0238080+00:00" testType="13cdc9d9-ddb5-4fa4-a97d-d965ccfc6d4b" outcome="Passed" testListId="8c84fa94-04c1-424b-9868-57a2d4851a1d" relativeResultsDirectory="ae242561-10d2-4877-9423-6f5ade57f664" />
    <UnitTestResult executionId="52d7f302-de46-47e0-8390-987a296dd68d" testId="d57eb83c-bdcd-a290-ce0b-51f7a3439c7c" testName="Sayra.Client.Configuration.Tests.FleetManagementTests.Dynamic_Collection_Rule_Evaluation" computerName="devbox" duration="00:00:01.3149290" startTime="2026-07-27T19:22:23.0935908+00:00" endTime="2026-07-27T19:22:23.0935911+00:00" testType="13cdc9d9-ddb5-4fa4-a97d-d965ccfc6d4b" outcome="Passed" testListId="8c84fa94-04c1-424b-9868-57a2d4851a1d" relativeResultsDirectory="52d7f302-de46-47e0-8390-987a296dd68d" />
    <UnitTestResult executionId="38c6fc63-1f7d-46cc-855d-0cbb114147e9" testId="22d0f782-3726-6869-9c9e-eb594887e107" testName="Sayra.Client.Configuration.Tests.PolicyEngineTests.UsbPolicyManager_ShouldBlockAndUnblockUsbStorage" computerName="devbox" duration="00:00:00.0018964" startTime="2026-07-27T19:22:25.4420119+00:00" endTime="2026-07-27T19:22:25.4420121+00:00" testType="13cdc9d9-ddb5-4fa4-a97d-d965ccfc6d4b" outcome="Passed" testListId="8c84fa94-04c1-424b-9868-57a2d4851a1d" relativeResultsDirectory="38c6fc63-1f7d-46cc-855d-0cbb114147e9" />
    <UnitTestResult executionId="b4ebe311-6386-418a-9771-303edb52bbd6" testId="dd6365be-9444-6007-c79d-0857b1e5ccac" testName="Sayra.Client.Configuration.Tests.RemoteCommandTests.SecurityPipeline_ValidFrame_ShouldSucceed" computerName="devbox" duration="00:00:00.2435145" startTime="2026-07-27T19:21:42.7717245+00:00" endTime="2026-07-27T19:21:42.7717248+00:00" testType="13cdc9d9-ddb5-4fa4-a97d-d965ccfc6d4b" outcome="Passed" testListId="8c84fa94-04c1-424b-9868-57a2d4851a1d" relativeResultsDirectory="b4ebe311-6386-418a-9771-303edb52bbd6" />
    <UnitTestResult executionId="a2fa35ee-7385-4231-9561-7a9780a83c18" testId="013a7151-6f93-40f1-2882-b6397f2e38ad" testName="Sayra.Client.Configuration.Tests.KioskSecurityTests.DeviceMonitoring_DeviceEvents_FiresCorrectly" computerName="devbox" duration="00:00:00.0100018" startTime="2026-07-27T19:22:25.8674517+00:00" endTime="2026-07-27T19:22:25.8674519+00:00" testType="13cdc9d9-ddb5-4fa4-a97d-d965ccfc6d4b" outcome="Passed" testListId="8c84fa94-04c1-424b-9868-57a2d4851a1d" relativeResultsDirectory="a2fa35ee-7385-4231-9561-7a9780a83c18" />
    <UnitTestResult executionId="77953883-10c9-4545-937d-ce6b019f635f" testId="e755b8ad-7cb7-d23c-04b2-f373fe995696" testName="Sayra.Client.Configuration.Tests.RemoteCommandTests.Engine_HandlerFailure_ShouldBeIsolatedAndReported" computerName="devbox" duration="00:00:00.4796573" startTime="2026-07-27T19:21:43.2527589+00:00" endTime="2026-07-27T19:21:43.2527591+00:00" testType="13cdc9d9-ddb5-4fa4-a97d-d965ccfc6d4b" outcome="Passed" testListId="8c84fa94-04c1-424b-9868-57a2d4851a1d" relativeResultsDirectory="77953883-10c9-4545-937d-ce6b019f635f" />
    <UnitTestResult executionId="df7ff9f0-d9f4-4a13-8fc5-23d741a1b35d" testId="79787193-70e1-53e4-64bb-cab60e3fd9f9" testName="Sayra.Client.Configuration.Tests.SecureTransportTests.Verify_PublicKey_Pinning_Accepted_Unpinned_Rejected" computerName="devbox" duration="00:00:00.5954371" startTime="2026-07-27T19:23:19.6622370+00:00" endTime="2026-07-27T19:23:19.6622371+00:00" testType="13cdc9d9-ddb5-4fa4-a97d-d965ccfc6d4b" outcome="Passed" testListId="8c84fa94-04c1-424b-9868-57a2d4851a1d" relativeResultsDirectory="df7ff9f0-d9f4-4a13-8fc5-23d741a1b35d" />
    <UnitTestResult executionId="490ef298-487a-47b7-8d6d-12d8844a734b" testId="38f4f0c6-ebc8-4cd5-eb54-6ffa25859959" testName="Sayra.Client.Configuration.Tests.PolicyEngineTests.PolicyRollbackService_ShouldSuccessfullyVerifyRollbackStatus" computerName="devbox" duration="00:00:00.0017812" startTime="2026-07-27T19:22:25.4296272+00:00" endTime="2026-07-27T19:22:25.4296273+00:00" testType="13cdc9d9-ddb5-4fa4-a97d-d965ccfc6d4b" outcome="Passed" testListId="8c84fa94-04c1-424b-9868-57a2d4851a1d" relativeResultsDirectory="490ef298-487a-47b7-8d6d-12d8844a734b" />
    <UnitTestResult executionId="fb56137c-8812-4532-8755-2cce4b0e20e7" testId="f58bb72d-df45-bbf4-2a1d-c4062741b9b7" testName="Sayra.Client.Configuration.Tests.RemediationTests.SandboxManager_RollbackOnPrepareFailure_ShouldCleanUpRoot" computerName="devbox" duration="00:00:00.0105728" startTime="2026-07-27T19:22:33.4263588+00:00" endTime="2026-07-27T19:22:33.4263589+00:00" testType="13cdc9d9-ddb5-4fa4-a97d-d965ccfc6d4b" outcome="Passed" testListId="8c84fa94-04c1-424b-9868-57a2d4851a1d" relativeResultsDirectory="fb56137c-8812-4532-8755-2cce4b0e20e7" />
    <UnitTestResult executionId="83cf8161-544f-4286-8b25-d9d474f4d24f" testId="6235b16d-f9e1-f064-94e8-1f11de48a444" testName="Sayra.Client.Configuration.Tests.RemoteCommandTests.SecurityPipeline_ReplayedNonce_ShouldBeRejected" computerName="devbox" duration="00:00:00.1933190" startTime="2026-07-27T19:21:44.9888903+00:00" endTime="2026-07-27T19:21:44.9888906+00:00" testType="13cdc9d9-ddb5-4fa4-a97d-d965ccfc6d4b" outcome="Passed" testListId="8c84fa94-04c1-424b-9868-57a2d4851a1d" relativeResultsDirectory="83cf8161-544f-4286-8b25-d9d474f4d24f" />
    <UnitTestResult executionId="7b4aab84-2d13-472b-8b1b-dfb30abc3ab2" testId="0a0e7367-9b47-a2ac-7894-d891b16b3cf8" testName="Sayra.Client.Configuration.Tests.SecurityTests.Verify_SecurityServices_Implement_Required_Interfaces" computerName="devbox" duration="00:00:00.0005282" startTime="2026-07-27T19:22:31.0937966+00:00" endTime="2026-07-27T19:22:31.0937968+00:00" testType="13cdc9d9-ddb5-4fa4-a97d-d965ccfc6d4b" outcome="Passed" testListId="8c84fa94-04c1-424b-9868-57a2d4851a1d" relativeResultsDirectory="7b4aab84-2d13-472b-8b1b-dfb30abc3ab2" />
    <UnitTestResult executionId="892dbcf6-8de6-439a-bd6e-4b9cf5c7bcbf" testId="5b0b06b5-adca-1ee7-920c-cdd94acdd51a" testName="Sayra.Client.Configuration.Tests.ProcessSupervisorTests.ProcessTreeMonitor_UnexpectedProcessDetectedEvent_ShouldFire" computerName="devbox" duration="00:00:00.0037536" startTime="2026-07-27T19:22:25.2377900+00:00" endTime="2026-07-27T19:22:25.2377903+00:00" testType="13cdc9d9-ddb5-4fa4-a97d-d965ccfc6d4b" outcome="Passed" testListId="8c84fa94-04c1-424b-9868-57a2d4851a1d" relativeResultsDirectory="892dbcf6-8de6-439a-bd6e-4b9cf5c7bcbf" />
    <UnitTestResult executionId="7e406c66-cb4a-4a92-801f-37a4a8e2e6cb" testId="cca6cfaa-ccfe-7149-6d2a-27ecbd836c6c" testName="Sayra.Client.Configuration.Tests.RemoteCommandTests.SecurityPipeline_ExpiredCommand_ShouldBeRejected" computerName="devbox" duration="00:00:00.7626615" startTime="2026-07-27T19:21:42.5279486+00:00" endTime="2026-07-27T19:21:42.5279488+00:00" testType="13cdc9d9-ddb5-4fa4-a97d-d965ccfc6d4b" outcome="Passed" testListId="8c84fa94-04c1-424b-9868-57a2d4851a1d" relativeResultsDirectory="7e406c66-cb4a-4a92-801f-37a4a8e2e6cb" />
    <UnitTestResult executionId="3f6e1d30-1053-4314-91ee-042e5ee0cb8a" testId="bc0fa3c0-513c-7749-cf6a-4f5e728024ec" testName="Sayra.Client.Configuration.Tests.SecureTransportTests.Verify_Tls13_Enforced_Older_Rejected" computerName="devbox" duration="00:00:00.7407728" startTime="2026-07-27T19:23:14.1104239+00:00" endTime="2026-07-27T19:23:14.1104240+00:00" testType="13cdc9d9-ddb5-4fa4-a97d-d965ccfc6d4b" outcome="Passed" testListId="8c84fa94-04c1-424b-9868-57a2d4851a1d" relativeResultsDirectory="3f6e1d30-1053-4314-91ee-042e5ee0cb8a" />
    <UnitTestResult executionId="3d78490c-8159-4c41-af8d-ea1096a7c959" testId="9d11096d-e560-d89b-c662-7d6e69f0295d" testName="Sayra.Client.Configuration.Tests.OverlayTests.OverlayManager_Show_ShouldTransitionAndCallWindowService" computerName="devbox" duration="00:00:00.0035339" startTime="2026-07-27T19:23:12.0537663+00:00" endTime="2026-07-27T19:23:12.0537664+00:00" testType="13cdc9d9-ddb5-4fa4-a97d-d965ccfc6d4b" outcome="Passed" testListId="8c84fa94-04c1-424b-9868-57a2d4851a1d" relativeResultsDirectory="3d78490c-8159-4c41-af8d-ea1096a7c959" />
    <UnitTestResult executionId="dcb2e00b-70c8-427f-8499-f7e65951e825" testId="b65cb0b5-cd66-704e-c0a4-30b088a67389" testName="Sayra.Client.Configuration.Tests.SecurityTests.QueueSecurityManager_Signature_Verification_Fails_For_Tampered_Data" computerName="devbox" duration="00:00:00.0006276" startTime="2026-07-27T19:22:32.5590231+00:00" endTime="2026-07-27T19:22:32.5590231+00:00" testType="13cdc9d9-ddb5-4fa4-a97d-d965ccfc6d4b" outcome="Passed" testListId="8c84fa94-04c1-424b-9868-57a2d4851a1d" relativeResultsDirectory="dcb2e00b-70c8-427f-8499-f7e65951e825" />
    <UnitTestResult executionId="1b94ce61-8932-4681-8f91-8eac548a8924" testId="c75b2bc8-d6cc-126a-c689-161909562d58" testName="Sayra.Client.Configuration.Tests.LiveTelemetryTests.Test_CollectorFailureHandling_DoesNotStopTelemetry" computerName="devbox" duration="00:00:00.0052129" startTime="2026-07-27T19:22:25.8520298+00:00" endTime="2026-07-27T19:22:25.8520301+00:00" testType="13cdc9d9-ddb5-4fa4-a97d-d965ccfc6d4b" outcome="Passed" testListId="8c84fa94-04c1-424b-9868-57a2d4851a1d" relativeResultsDirectory="1b94ce61-8932-4681-8f91-8eac548a8924" />
    <UnitTestResult executionId="118ca8d7-d365-4475-8328-c2b9e9cbd474" testId="45077e9d-cc48-9ddd-6472-171516618347" testName="Sayra.Client.Configuration.Tests.ProcessSupervisorTests.ProcessSupervisor_RegisterAndStop_ShouldManageLifetimeCorrectly" computerName="devbox" duration="00:00:00.0330898" startTime="2026-07-27T19:22:25.3426080+00:00" endTime="2026-07-27T19:22:25.3426083+00:00" testType="13cdc9d9-ddb5-4fa4-a97d-d965ccfc6d4b" outcome="Passed" testListId="8c84fa94-04c1-424b-9868-57a2d4851a1d" relativeResultsDirectory="118ca8d7-d365-4475-8328-c2b9e9cbd474" />
    <UnitTestResult executionId="951d321f-10fd-4763-b459-657ebb511d66" testId="7b8424bd-0e0d-9c59-efd8-4947653ea85e" testName="Sayra.Client.Configuration.Tests.SecurityTests.Verify_DependencyInjection_Resolves_Security_Interfaces" computerName="devbox" duration="00:00:00.0055314" startTime="2026-07-27T19:22:33.4028172+00:00" endTime="2026-07-27T19:22:33.4028173+00:00" testType="13cdc9d9-ddb5-4fa4-a97d-d965ccfc6d4b" outcome="Passed" testListId="8c84fa94-04c1-424b-9868-57a2d4851a1d" relativeResultsDirectory="951d321f-10fd-4763-b459-657ebb511d66" />
    <UnitTestResult executionId="05ef59f1-dc0e-4f5a-9fed-683550f8e3ce" testId="77d8c5f4-aafc-93d8-02f2-9b09ae34775c" testName="Sayra.Client.Configuration.Tests.ProcessSupervisorTests.StateMachine_InvalidTransitions_ShouldThrowInvalidOperationException" computerName="devbox" duration="00:00:00.0017538" startTime="2026-07-27T19:22:25.3477398+00:00" endTime="2026-07-27T19:22:25.3477400+00:00" testType="13cdc9d9-ddb5-4fa4-a97d-d965ccfc6d4b" outcome="Passed" testListId="8c84fa94-04c1-424b-9868-57a2d4851a1d" relativeResultsDirectory="05ef59f1-dc0e-4f5a-9fed-683550f8e3ce" />
    <UnitTestResult executionId="015b4acf-7868-42d4-ba52-8aaee757d1f0" testId="1b484737-c9a2-f7d7-42ec-e21a0ad0b1b4" testName="Sayra.Client.Configuration.Tests.RuntimeSessionManagementTests.TimerService_StartAndRetrieveTimes_ShouldCalculateCorrectly" computerName="devbox" duration="00:00:00.0044270" startTime="2026-07-27T19:22:25.5444593+00:00" endTime="2026-07-27T19:22:25.5444595+00:00" testType="13cdc9d9-ddb5-4fa4-a97d-d965ccfc6d4b" outcome="Passed" testListId="8c84fa94-04c1-424b-9868-57a2d4851a1d" relativeResultsDirectory="015b4acf-7868-42d4-ba52-8aaee757d1f0" />
    <UnitTestResult executionId="6200a703-8dd7-42b5-8261-ecf9cf1e2fc2" testId="ee5b5a43-2042-c0d6-7313-eed911330a99" testName="Sayra.Client.Configuration.Tests.LiveTelemetryTests.Test_CpuTelemetryCollector_ValidReadings" computerName="devbox" duration="00:00:00.0044644" startTime="2026-07-27T19:22:25.8566991+00:00" endTime="2026-07-27T19:22:25.8566993+00:00" testType="13cdc9d9-ddb5-4fa4-a97d-d965ccfc6d4b" outcome="Passed" testListId="8c84fa94-04c1-424b-9868-57a2d4851a1d" relativeResultsDirectory="6200a703-8dd7-42b5-8261-ecf9cf1e2fc2" />
    <UnitTestResult executionId="4936c923-a684-4768-aaf2-30a9b1033786" testId="8fadb80d-7bbd-c683-7b65-72d1d279118d" testName="Sayra.Client.Configuration.Tests.RuntimeTests.ContextProvider_SavesAndRetrievesSetContextCorrectly" computerName="devbox" duration="00:00:00.0018787" startTime="2026-07-27T19:23:12.0414688+00:00" endTime="2026-07-27T19:23:12.0414689+00:00" testType="13cdc9d9-ddb5-4fa4-a97d-d965ccfc6d4b" outcome="Passed" testListId="8c84fa94-04c1-424b-9868-57a2d4851a1d" relativeResultsDirectory="4936c923-a684-4768-aaf2-30a9b1033786" />
    <UnitTestResult executionId="5e5da9c2-1f90-47cb-81ab-a3db81058716" testId="af669a7c-6931-8b35-41d8-d6da37c0bc5a" testName="Sayra.Client.Configuration.Tests.PolicyEngineTests.SynchronizationService_ShouldRejectOlderVersionCode" computerName="devbox" duration="00:00:00.0434365" startTime="2026-07-27T19:22:25.3922532+00:00" endTime="2026-07-27T19:22:25.3922535+00:00" testType="13cdc9d9-ddb5-4fa4-a97d-d965ccfc6d4b" outcome="Passed" testListId="8c84fa94-04c1-424b-9868-57a2d4851a1d" relativeResultsDirectory="5e5da9c2-1f90-47cb-81ab-a3db81058716" />
    <UnitTestResult executionId="5efc8ed6-72ff-4eb4-881a-54dd4707f9db" testId="7c379a61-508e-d2a6-7e33-8402d7f5fd2e" testName="Sayra.Client.Configuration.Tests.AdvertisementSystemTests.DownloadManager_Rejects_Corrupted_Media_Checksum_Mismatch" computerName="devbox" duration="00:00:03.6802848" startTime="2026-07-27T19:21:41.0571216+00:00" endTime="2026-07-27T19:21:41.0571219+00:00" testType="13cdc9d9-ddb5-4fa4-a97d-d965ccfc6d4b" outcome="Passed" testListId="8c84fa94-04c1-424b-9868-57a2d4851a1d" relativeResultsDirectory="5efc8ed6-72ff-4eb4-881a-54dd4707f9db" />
    <UnitTestResult executionId="2a0984f8-d01c-4a47-81bf-89bab2e15837" testId="fcb8efc9-007e-64bd-903a-875fe159f248" testName="Sayra.Client.Configuration.Tests.GameProtectionTests.IntegrityValidation_InvalidHash_ReturnsInvalid" computerName="devbox" duration="00:00:00.0104661" startTime="2026-07-27T19:22:34.5300736+00:00" endTime="2026-07-27T19:22:34.5300737+00:00" testType="13cdc9d9-ddb5-4fa4-a97d-d965ccfc6d4b" outcome="Passed" testListId="8c84fa94-04c1-424b-9868-57a2d4851a1d" relativeResultsDirectory="2a0984f8-d01c-4a47-81bf-89bab2e15837" />
    <UnitTestResult executionId="0fffaf87-f303-4464-87ad-e932d05f394f" testId="85039cc4-c7ff-ea4d-b4f2-28f74ff1c5de" testName="Sayra.Client.Configuration.Tests.LiveTelemetryTests.Test_HardwareHealthCollector_MissingSensorProvider_UsesDefaults" computerName="devbox" duration="00:00:00.0060685" startTime="2026-07-27T19:22:25.5662399+00:00" endTime="2026-07-27T19:22:25.5662401+00:00" testType="13cdc9d9-ddb5-4fa4-a97d-d965ccfc6d4b" outcome="Passed" testListId="8c84fa94-04c1-424b-9868-57a2d4851a1d" relativeResultsDirectory="0fffaf87-f303-4464-87ad-e932d05f394f" />
    <UnitTestResult executionId="ad606c79-3da2-477a-9f08-e7dbeec60675" testId="92b3ab20-198d-dec0-3157-ca6821d8691f" testName="Sayra.Client.Configuration.Tests.RuntimeTests.StateMachine_TransitionToFailed_IsAllowedFromAnyState(startingState: Paused)" computerName="devbox" duration="00:00:00.0000658" startTime="2026-07-27T19:23:12.0370469+00:00" endTime="2026-07-27T19:23:12.0370470+00:00" testType="13cdc9d9-ddb5-4fa4-a97d-d965ccfc6d4b" outcome="Passed" testListId="8c84fa94-04c1-424b-9868-57a2d4851a1d" relativeResultsDirectory="ad606c79-3da2-477a-9f08-e7dbeec60675" />
    <UnitTestResult executionId="dd502119-56fb-4142-bde4-cb17360f938c" testId="9d83ff71-97ad-0694-c407-2a9ac50bf8df" testName="Sayra.Client.Configuration.Tests.RuntimeTests.StateMachine_TransitionToFailed_IsAllowedFromAnyState(startingState: Running)" computerName="devbox" duration="00:00:00.0001076" startTime="2026-07-27T19:23:12.0371191+00:00" endTime="2026-07-27T19:23:12.0371192+00:00" testType="13cdc9d9-ddb5-4fa4-a97d-d965ccfc6d4b" outcome="Passed" testListId="8c84fa94-04c1-424b-9868-57a2d4851a1d" relativeResultsDirectory="dd502119-56fb-4142-bde4-cb17360f938c" />
    <UnitTestResult executionId="298e6a7c-c400-4080-9978-e0244f62fb53" testId="7a2e1fe7-50db-0ebe-f90e-19b9d95d9dae" testName="Sayra.Client.Configuration.Tests.LiveTelemetryTests.Test_GpuTelemetryCollector_MissingGpu_ReturnsUnknown" computerName="devbox" duration="00:00:00.0074346" startTime="2026-07-27T19:22:25.7637346+00:00" endTime="2026-07-27T19:22:25.7637348+00:00" testType="13cdc9d9-ddb5-4fa4-a97d-d965ccfc6d4b" outcome="Passed" testListId="8c84fa94-04c1-424b-9868-57a2d4851a1d" relativeResultsDirectory="298e6a7c-c400-4080-9978-e0244f62fb53" />
    <UnitTestResult executionId="9328b2b2-465a-4cd9-9ea7-9dcbf02c9f3c" testId="a3bb5b5f-01b2-06e2-2727-f2d8b30d159b" testName="Sayra.Client.Configuration.Tests.RuntimeTests.EventPublisher_SubscriberThrowsException_DoesNotCrashPublisher" computerName="devbox" duration="00:00:00.0021261" startTime="2026-07-27T19:23:12.0352156+00:00" endTime="2026-07-27T19:23:12.0352157+00:00" testType="13cdc9d9-ddb5-4fa4-a97d-d965ccfc6d4b" outcome="Passed" testListId="8c84fa94-04c1-424b-9868-57a2d4851a1d" relativeResultsDirectory="9328b2b2-465a-4cd9-9ea7-9dcbf02c9f3c" />
    <UnitTestResult executionId="e9f4b9f8-62ec-4205-9cc2-6609819aa952" testId="b418abbe-ff90-0999-c53e-b3f3ac15bf2c" testName="Sayra.Client.Configuration.Tests.RecoveryAndHardeningTests.Test_DownloadInterruption_TriggersRangeResume_Or_FullDownload" computerName="devbox" duration="00:00:00.0084028" startTime="2026-07-27T19:22:30.3251885+00:00" endTime="2026-07-27T19:22:30.3251888+00:00" testType="13cdc9d9-ddb5-4fa4-a97d-d965ccfc6d4b" outcome="Passed" testListId="8c84fa94-04c1-424b-9868-57a2d4851a1d" relativeResultsDirectory="e9f4b9f8-62ec-4205-9cc2-6609819aa952" />
    <UnitTestResult executionId="6f55fa70-1562-4233-b94e-5bae07e22d9e" testId="b4aafab6-d119-5622-50c2-70d52ae98c18" testName="Sayra.Client.Configuration.Tests.RuntimeTests.SessionManager_UpdateSessionState_UpdatesAndTransitionsCorrectly" computerName="devbox" duration="00:00:00.0010131" startTime="2026-07-27T19:23:12.0425680+00:00" endTime="2026-07-27T19:23:12.0425680+00:00" testType="13cdc9d9-ddb5-4fa4-a97d-d965ccfc6d4b" outcome="Passed" testListId="8c84fa94-04c1-424b-9868-57a2d4851a1d" relativeResultsDirectory="6f55fa70-1562-4233-b94e-5bae07e22d9e" />
    <UnitTestResult executionId="b2dbd1d9-0e06-45a4-b829-fc8e4ecdf117" testId="5bf65b7a-3aa5-9377-9eac-b6720cc171f7" testName="Sayra.Client.Configuration.Tests.RecoveryAndHardeningTests.Test_GracefulShutdown_ExecutesSevenStepsInOrder" computerName="devbox" duration="00:00:00.2107029" startTime="2026-07-27T19:22:29.9826137+00:00" endTime="2026-07-27T19:22:29.9826139+00:00" testType="13cdc9d9-ddb5-4fa4-a97d-d965ccfc6d4b" outcome="Passed" testListId="8c84fa94-04c1-424b-9868-57a2d4851a1d" relativeResultsDirectory="b2dbd1d9-0e06-45a4-b829-fc8e4ecdf117" />
    <UnitTestResult executionId="37d082f9-5cde-4e1a-963f-9a291267ae39" testId="cce527e0-a12a-d43e-3ef8-f1828366184b" testName="Sayra.Client.Configuration.Tests.SecureTransportTests.Verify_Performance_Handshake_And_Throughput_Metrics" computerName="devbox" duration="00:00:01.2292136" startTime="2026-07-27T19:23:15.9749706+00:00" endTime="2026-07-27T19:23:15.9749706+00:00" testType="13cdc9d9-ddb5-4fa4-a97d-d965ccfc6d4b" outcome="Passed" testListId="8c84fa94-04c1-424b-9868-57a2d4851a1d" relativeResultsDirectory="37d082f9-5cde-4e1a-963f-9a291267ae39" />
    <UnitTestResult executionId="2616146e-06bd-44a6-8937-ba8d66e2c400" testId="34680f9c-e2d0-e006-d7bd-f0a414e890ae" testName="Sayra.Client.Configuration.Tests.RemoteCommandStage2Tests.Database_Locked_Throws_And_Fails_Gracefully" computerName="devbox" duration="00:00:30.7279997" startTime="2026-07-27T19:23:07.5103855+00:00" endTime="2026-07-27T19:23:07.5103856+00:00" testType="13cdc9d9-ddb5-4fa4-a97d-d965ccfc6d4b" outcome="Passed" testListId="8c84fa94-04c1-424b-9868-57a2d4851a1d" relativeResultsDirectory="2616146e-06bd-44a6-8937-ba8d66e2c400" />
    <UnitTestResult executionId="87f4ff2c-a27d-4eaa-906e-da88c1aea2df" testId="5c7fb956-8e58-23b5-17ad-93d2af75010f" testName="Sayra.Client.Configuration.Tests.RemoteCommandStage2Tests.Database_Creation_And_Migration_Executes_Successfully" computerName="devbox" duration="00:00:00.6805636" startTime="2026-07-27T19:23:11.3563504+00:00" endTime="2026-07-27T19:23:11.3563505+00:00" testType="13cdc9d9-ddb5-4fa4-a97d-d965ccfc6d4b" outcome="Passed" testListId="8c84fa94-04c1-424b-9868-57a2d4851a1d" relativeResultsDirectory="87f4ff2c-a27d-4eaa-906e-da88c1aea2df" />
    <UnitTestResult executionId="9d798c01-7f48-4d41-a6c0-cacb44803fa1" testId="956e8e6e-98e8-94c6-1a38-2806a95227e0" testName="Sayra.Client.Configuration.Tests.RuntimeTests.StateMachine_TransitionToFailed_IsAllowedFromAnyState(startingState: Starting)" computerName="devbox" duration="00:00:00.0002674" startTime="2026-07-27T19:23:12.0366374+00:00" endTime="2026-07-27T19:23:12.0366375+00:00" testType="13cdc9d9-ddb5-4fa4-a97d-d965ccfc6d4b" outcome="Passed" testListId="8c84fa94-04c1-424b-9868-57a2d4851a1d" relativeResultsDirectory="9d798c01-7f48-4d41-a6c0-cacb44803fa1" />
    <UnitTestResult executionId="27d1e346-2621-4c0b-9b0b-ba28a13b09d6" testId="a5ac9040-b307-c314-a96a-4963d8a85ca0" testName="Sayra.Client.Configuration.Tests.FleetManagementTests.Bulk_Operation_Cancellation" computerName="devbox" duration="00:00:32.1041064" startTime="2026-07-27T19:22:17.4432767+00:00" endTime="2026-07-27T19:22:17.4432770+00:00" testType="13cdc9d9-ddb5-4fa4-a97d-d965ccfc6d4b" outcome="Passed" testListId="8c84fa94-04c1-424b-9868-57a2d4851a1d" relativeResultsDirectory="27d1e346-2621-4c0b-9b0b-ba28a13b09d6" />
    <UnitTestResult executionId="cd556d46-f119-43bc-a617-1cf72017b586" testId="84abf9f1-4a88-f240-6b9f-604f4c3d4c7e" testName="Sayra.Client.Configuration.Tests.SecurityTests.QueueSecurityManager_EncryptDecrypt_Succeeds_With_DynamicEntropy" computerName="devbox" duration="00:00:00.0036314" startTime="2026-07-27T19:22:33.4151277+00:00" endTime="2026-07-27T19:22:33.4151277+00:00" testType="13cdc9d9-ddb5-4fa4-a97d-d965ccfc6d4b" outcome="Passed" testListId="8c84fa94-04c1-424b-9868-57a2d4851a1d" relativeResultsDirectory="cd556d46-f119-43bc-a617-1cf72017b586" />
    <UnitTestResult executionId="0ffaa926-7ead-4a2b-9548-50a08ce59a92" testId="37526227-bbf4-dd0c-7884-4e509734964f" testName="Sayra.Client.Configuration.Tests.RemediationTests.RegistryVirtualization_IsolatesMultipleConcurrentSessions" computerName="devbox" duration="00:00:00.0078301" startTime="2026-07-27T19:22:33.4900086+00:00" endTime="2026-07-27T19:22:33.4900086+00:00" testType="13cdc9d9-ddb5-4fa4-a97d-d965ccfc6d4b" outcome="Passed" testListId="8c84fa94-04c1-424b-9868-57a2d4851a1d" relativeResultsDirectory="0ffaa926-7ead-4a2b-9548-50a08ce59a92" />
    <UnitTestResult executionId="c353d816-c72d-4a4f-91c9-cef5425fea2b" testId="41e011e2-62da-bc89-1be5-bc559ace94dd" testName="Sayra.Client.Configuration.Tests.RuntimeSessionManagementTests.ExpirationHandler_ShouldTriggerProcessSupervisorStop_AndStopSession" computerName="devbox" duration="00:00:00.0033730" startTime="2026-07-27T19:22:25.5593714+00:00" endTime="2026-07-27T19:22:25.5593716+00:00" testType="13cdc9d9-ddb5-4fa4-a97d-d965ccfc6d4b" outcome="Passed" testListId="8c84fa94-04c1-424b-9868-57a2d4851a1d" relativeResultsDirectory="c353d816-c72d-4a4f-91c9-cef5425fea2b" />
    <UnitTestResult executionId="469a1532-9a4a-4305-9087-74de2bceb5c1" testId="c813fb47-d822-d48d-dfc7-3f31d65480b8" testName="Sayra.Client.Configuration.Tests.RemediationTests.UsbProtectionService_UnauthorizedDeviceConnected_ShouldEjectAndAudit" computerName="devbox" duration="00:00:00.0027043" startTime="2026-07-27T19:22:33.4819469+00:00" endTime="2026-07-27T19:22:33.4819470+00:00" testType="13cdc9d9-ddb5-4fa4-a97d-d965ccfc6d4b" outcome="Passed" testListId="8c84fa94-04c1-424b-9868-57a2d4851a1d" relativeResultsDirectory="469a1532-9a4a-4305-9087-74de2bceb5c1" />
    <UnitTestResult executionId="efe5b5cb-7e72-43e0-bfcc-ace08c4e1818" testId="01cba886-8218-d204-a459-6a337e276d0a" testName="Sayra.Client.Configuration.Tests.SecurityTests.Adversarial_AuditHashChain_NullHashBypass_Throws_SecurityException" computerName="devbox" duration="00:00:00.6640573" startTime="2026-07-27T19:22:31.7580853+00:00" endTime="2026-07-27T19:22:31.7580854+00:00" testType="13cdc9d9-ddb5-4fa4-a97d-d965ccfc6d4b" outcome="Passed" testListId="8c84fa94-04c1-424b-9868-57a2d4851a1d" relativeResultsDirectory="efe5b5cb-7e72-43e0-bfcc-ace08c4e1818" />
    <UnitTestResult executionId="e54afd02-5797-4911-8cb5-fd10df1aac91" testId="522aaa7a-ce33-0241-071f-eaf63ead9fd9" testName="Sayra.Client.Configuration.Tests.ProcessSupervisorTests.ProcessTreeMonitor_GetDescendants_ShouldExecute" computerName="devbox" duration="00:00:00.0027789" startTime="2026-07-27T19:22:25.3457030+00:00" endTime="2026-07-27T19:22:25.3457032+00:00" testType="13cdc9d9-ddb5-4fa4-a97d-d965ccfc6d4b" outcome="Passed" testListId="8c84fa94-04c1-424b-9868-57a2d4851a1d" relativeResultsDirectory="e54afd02-5797-4911-8cb5-fd10df1aac91" />
    <UnitTestResult executionId="a3419484-75f5-48dc-bbeb-615ea0ef9a58" testId="84fb8db4-5b5e-e960-60c2-7168da69143c" testName="Sayra.Client.Configuration.Tests.ConfigurationSyncTests.DeltaEngine_ShouldComputeAndApplyDeltasCorrectly" computerName="devbox" duration="00:00:00.1767392" startTime="2026-07-27T19:22:28.5170614+00:00" endTime="2026-07-27T19:22:28.5170617+00:00" testType="13cdc9d9-ddb5-4fa4-a97d-d965ccfc6d4b" outcome="Passed" testListId="8c84fa94-04c1-424b-9868-57a2d4851a1d" relativeResultsDirectory="a3419484-75f5-48dc-bbeb-615ea0ef9a58" />
    <UnitTestResult executionId="9b58e9bf-7e88-40d3-be50-aa796b7990c3" testId="dc5a0ae5-0a4f-5f64-9ccb-a88feda6e54a" testName="Sayra.Client.Configuration.Tests.RuntimeSessionManagementTests.SessionManager_CreateStartPauseResumeCompleteCancel_ShouldWorkAndRaiseEvents" computerName="devbox" duration="00:00:00.0089776" startTime="2026-07-27T19:22:25.5552053+00:00" endTime="2026-07-27T19:22:25.5552058+00:00" testType="13cdc9d9-ddb5-4fa4-a97d-d965ccfc6d4b" outcome="Passed" testListId="8c84fa94-04c1-424b-9868-57a2d4851a1d" relativeResultsDirectory="9b58e9bf-7e88-40d3-be50-aa796b7990c3" />
    <UnitTestResult executionId="c8b81581-8d4c-47a5-8813-9b765e388e8a" testId="8acc94e5-06ff-722b-899b-cb2785d6e788" testName="Sayra.Client.Configuration.Tests.RemediationTests.SandboxManager_PathTraversalAttack_ShouldBeBlocked" computerName="devbox" duration="00:00:00.0016099" startTime="2026-07-27T19:22:33.4759426+00:00" endTime="2026-07-27T19:22:33.4759427+00:00" testType="13cdc9d9-ddb5-4fa4-a97d-d965ccfc6d4b" outcome="Passed" testListId="8c84fa94-04c1-424b-9868-57a2d4851a1d" relativeResultsDirectory="c8b81581-8d4c-47a5-8813-9b765e388e8a" />
    <UnitTestResult executionId="deae5f19-6197-4dba-ba5f-bcbeee44cdcd" testId="2f955c5b-1912-436b-b410-cb1747f8303f" testName="Sayra.Client.Configuration.Tests.ConfigurationSyncTests.ConflictResolver_ShouldPreserveLocalMachineIdentifiers_UnderServerWins" computerName="devbox" duration="00:00:00.4171664" startTime="2026-07-27T19:22:29.0499951+00:00" endTime="2026-07-27T19:22:29.0499954+00:00" testType="13cdc9d9-ddb5-4fa4-a97d-d965ccfc6d4b" outcome="Passed" testListId="8c84fa94-04c1-424b-9868-57a2d4851a1d" relativeResultsDirectory="deae5f19-6197-4dba-ba5f-bcbeee44cdcd" />
    <UnitTestResult executionId="e5140e66-3057-42df-9e06-c8c20ea84627" testId="8dffe0ae-5f91-7996-3215-d68dfc5bbe7a" testName="Sayra.Client.Configuration.Tests.RuntimeTests.StateMachine_ValidTransitionSequence_Works" computerName="devbox" duration="00:00:00.0004061" startTime="2026-07-27T19:23:12.0491113+00:00" endTime="2026-07-27T19:23:12.0491114+00:00" testType="13cdc9d9-ddb5-4fa4-a97d-d965ccfc6d4b" outcome="Passed" testListId="8c84fa94-04c1-424b-9868-57a2d4851a1d" relativeResultsDirectory="e5140e66-3057-42df-9e06-c8c20ea84627" />
    <UnitTestResult executionId="d06f3cf0-8ac5-4367-b0da-640c7c57cccd" testId="6ae44cc9-fb46-5fea-3fee-3de245270081" testName="Sayra.Client.Configuration.Tests.LiveTelemetryTests.Test_MemoryTelemetryCollector_CorrectCalculation" computerName="devbox" duration="00:00:00.0064956" startTime="2026-07-27T19:22:25.7706434+00:00" endTime="2026-07-27T19:22:25.7706436+00:00" testType="13cdc9d9-ddb5-4fa4-a97d-d965ccfc6d4b" outcome="Passed" testListId="8c84fa94-04c1-424b-9868-57a2d4851a1d" relativeResultsDirectory="d06f3cf0-8ac5-4367-b0da-640c7c57cccd" />
    <UnitTestResult executionId="6271c911-df3f-4510-81e8-9bd2c332d2e1" testId="444d1111-fd41-511b-5faa-90fff6f1e5b9" testName="Sayra.Client.Configuration.Tests.ConfigurationSyncTests.SignatureValidator_ShouldSucceed_OnValidSignature" computerName="devbox" duration="00:00:00.2727986" startTime="2026-07-27T19:22:29.3230492+00:00" endTime="2026-07-27T19:22:29.3230498+00:00" testType="13cdc9d9-ddb5-4fa4-a97d-d965ccfc6d4b" outcome="Passed" testListId="8c84fa94-04c1-424b-9868-57a2d4851a1d" relativeResultsDirectory="6271c911-df3f-4510-81e8-9bd2c332d2e1" />
    <UnitTestResult executionId="f226f714-759b-4103-9290-93d0c3d3d57e" testId="3ba72b05-07ce-8b06-c839-579c7de003b6" testName="Sayra.Client.Configuration.Tests.RuntimeTests.StateMachine_InitialState_IsCreated" computerName="devbox" duration="00:00:00.0001631" startTime="2026-07-27T19:23:12.0493597+00:00" endTime="2026-07-27T19:23:12.0493597+00:00" testType="13cdc9d9-ddb5-4fa4-a97d-d965ccfc6d4b" outcome="Passed" testListId="8c84fa94-04c1-424b-9868-57a2d4851a1d" relativeResultsDirectory="f226f714-759b-4103-9290-93d0c3d3d57e" />
    <UnitTestResult executionId="69f62036-c4d8-4a1a-93e5-50b25b406fee" testId="911944fa-62a5-8f12-e2aa-3ced475b24b1" testName="Sayra.Client.Configuration.Tests.SecurityTests.AuditLogRepository_CryptographicChain_ShouldValidateIntegrity" computerName="devbox" duration="00:00:00.6908645" startTime="2026-07-27T19:22:31.0396744+00:00" endTime="2026-07-27T19:22:31.0396747+00:00" testType="13cdc9d9-ddb5-4fa4-a97d-d965ccfc6d4b" outcome="Passed" testListId="8c84fa94-04c1-424b-9868-57a2d4851a1d" relativeResultsDirectory="69f62036-c4d8-4a1a-93e5-50b25b406fee" />
    <UnitTestResult executionId="dc7134c1-5b41-4624-890f-38de2ceb5bce" testId="1166a23f-a681-0d01-e8f4-9fffb5f52eff" testName="Sayra.Client.Configuration.Tests.RecoveryAndHardeningTests.Test_MemoryAndCpuPressure_TriggersGracefulDegradation_And_CacheCleanup" computerName="devbox" duration="00:00:00.0169489" startTime="2026-07-27T19:22:29.6346133+00:00" endTime="2026-07-27T19:22:29.6346136+00:00" testType="13cdc9d9-ddb5-4fa4-a97d-d965ccfc6d4b" outcome="Passed" testListId="8c84fa94-04c1-424b-9868-57a2d4851a1d" relativeResultsDirectory="dc7134c1-5b41-4624-890f-38de2ceb5bce" />
    <UnitTestResult executionId="da631b44-cfc0-48a2-9105-bfebc91a1058" testId="d2bc291e-0578-0ae8-d6f7-531f997b590f" testName="Sayra.Client.Configuration.Tests.GameProtectionTests.PolicyEvaluation_AllowedProcess_ReturnsAllow" computerName="devbox" duration="00:00:00.0097668" startTime="2026-07-27T19:22:34.5192951+00:00" endTime="2026-07-27T19:22:34.5192952+00:00" testType="13cdc9d9-ddb5-4fa4-a97d-d965ccfc6d4b" outcome="Passed" testListId="8c84fa94-04c1-424b-9868-57a2d4851a1d" relativeResultsDirectory="da631b44-cfc0-48a2-9105-bfebc91a1058" />
    <UnitTestResult executionId="97130d83-6296-45be-8402-92ec24868135" testId="d0790e72-8e67-f829-f971-1f57937bf6fd" testName="Sayra.Client.Configuration.Tests.LiveTelemetryTests.Test_NetworkTelemetryCollector_PingTimeoutAndTimeoutHandling" computerName="devbox" duration="00:00:00.0502362" startTime="2026-07-27T19:22:25.6172869+00:00" endTime="2026-07-27T19:22:25.6172872+00:00" testType="13cdc9d9-ddb5-4fa4-a97d-d965ccfc6d4b" outcome="Passed" testListId="8c84fa94-04c1-424b-9868-57a2d4851a1d" relativeResultsDirectory="97130d83-6296-45be-8402-92ec24868135" />
    <UnitTestResult executionId="de6a060c-63ca-4f3f-a23f-c1919ac18ac7" testId="ee8e36aa-b64b-698d-3cb6-ec531a2c8157" testName="Sayra.Client.Configuration.Tests.AdvertisementSystemTests.Cache_LRU_Eviction_Under_Quota_Works_Properly" computerName="devbox" duration="00:00:00.7009732" startTime="2026-07-27T19:21:41.7585091+00:00" endTime="2026-07-27T19:21:41.7585093+00:00" testType="13cdc9d9-ddb5-4fa4-a97d-d965ccfc6d4b" outcome="Passed" testListId="8c84fa94-04c1-424b-9868-57a2d4851a1d" relativeResultsDirectory="de6a060c-63ca-4f3f-a23f-c1919ac18ac7" />
    <UnitTestResult executionId="d60e29b7-2ff9-42e6-b983-0981f7e42694" testId="14070064-a799-23bc-df14-500bd357e0f5" testName="Sayra.Client.Configuration.Tests.PolicyEngineTests.PolicyRollbackService_ShouldRestoreOriginalConfiguration" computerName="devbox" duration="00:00:00.0193678" startTime="2026-07-27T19:22:25.4276310+00:00" endTime="2026-07-27T19:22:25.4276313+00:00" testType="13cdc9d9-ddb5-4fa4-a97d-d965ccfc6d4b" outcome="Passed" testListId="8c84fa94-04c1-424b-9868-57a2d4851a1d" relativeResultsDirectory="d60e29b7-2ff9-42e6-b983-0981f7e42694" />
    <UnitTestResult executionId="80ac94de-d37d-4013-885b-c5d309a5c929" testId="e6b4a72c-96d1-034a-2bb1-35b7cd84ab87" testName="Sayra.Client.Configuration.Tests.PolicyEngineTests.PolicyEngine_ShouldHandleConcurrentPolicyUpdatesGracefully" computerName="devbox" duration="00:00:00.0090679" startTime="2026-07-27T19:22:25.4399184+00:00" endTime="2026-07-27T19:22:25.4399186+00:00" testType="13cdc9d9-ddb5-4fa4-a97d-d965ccfc6d4b" outcome="Passed" testListId="8c84fa94-04c1-424b-9868-57a2d4851a1d" relativeResultsDirectory="80ac94de-d37d-4013-885b-c5d309a5c929" />
    <UnitTestResult executionId="563bc972-3e9c-4a4f-b29f-0e5cfe4da62e" testId="c1b5679c-3f4d-8262-2244-4240187eec2f" testName="Sayra.Client.Configuration.Tests.RemediationTests.SandboxManager_PrepareAndCleanupLifecycle_ShouldIsolateCorrectly" computerName="devbox" duration="00:00:00.0031042" startTime="2026-07-27T19:22:33.4791494+00:00" endTime="2026-07-27T19:22:33.4791495+00:00" testType="13cdc9d9-ddb5-4fa4-a97d-d965ccfc6d4b" outcome="Passed" testListId="8c84fa94-04c1-424b-9868-57a2d4851a1d" relativeResultsDirectory="563bc972-3e9c-4a4f-b29f-0e5cfe4da62e" />
    <UnitTestResult executionId="073784fb-e785-4894-93a2-e1725bd6af4b" testId="67f405c1-fb62-4fbc-6ae9-bec4e783a266" testName="Sayra.Client.Configuration.Tests.PolicyEngineTests.PolicyValidator_ShouldDetectRuleConflictsAndDuplicates" computerName="devbox" duration="00:00:00.0089280" startTime="2026-07-27T19:22:25.4013545+00:00" endTime="2026-07-27T19:22:25.4013547+00:00" testType="13cdc9d9-ddb5-4fa4-a97d-d965ccfc6d4b" outcome="Passed" testListId="8c84fa94-04c1-424b-9868-57a2d4851a1d" relativeResultsDirectory="073784fb-e785-4894-93a2-e1725bd6af4b" />
    <UnitTestResult executionId="b094406a-7c28-4a9f-b0f2-7d61fa6dd625" testId="bb007ada-35e5-d9e7-c1dd-76b23a819312" testName="Sayra.Client.Configuration.Tests.RuntimeTests.StateMachine_InvalidTransition_ThrowsRuntimeTransitionException(fromState: Created, toState: Stopping)" computerName="devbox" duration="00:00:00.0000940" startTime="2026-07-27T19:23:12.0389489+00:00" endTime="2026-07-27T19:23:12.0389489+00:00" testType="13cdc9d9-ddb5-4fa4-a97d-d965ccfc6d4b" outcome="Passed" testListId="8c84fa94-04c1-424b-9868-57a2d4851a1d" relativeResultsDirectory="b094406a-7c28-4a9f-b0f2-7d61fa6dd625" />
    <UnitTestResult executionId="f453f7fe-1bc4-4716-9780-e914e6d85ef4" testId="72208fe2-aa83-6d9f-61b5-9a331527620c" testName="Sayra.Client.Configuration.Tests.SecurityTests.Adversarial_Kiosk_Lockdown_Hotkeys_Blocked_When_Locked" computerName="devbox" duration="00:00:00.0061575" startTime="2026-07-27T19:22:32.5491229+00:00" endTime="2026-07-27T19:22:32.5491229+00:00" testType="13cdc9d9-ddb5-4fa4-a97d-d965ccfc6d4b" outcome="Passed" testListId="8c84fa94-04c1-424b-9868-57a2d4851a1d" relativeResultsDirectory="f453f7fe-1bc4-4716-9780-e914e6d85ef4" />
    <UnitTestResult executionId="9ec9db0f-7605-4aa6-aa69-fa9d6b0d96c9" testId="08c2442c-1cb1-ecf8-72a0-10a73a5c3377" testName="Sayra.Client.Configuration.Tests.RemoteCommandTests.WakeOnLanHandler_ShouldThrowNotImplementedException" computerName="devbox" duration="00:00:00.3491852" startTime="2026-07-27T19:21:45.3382692+00:00" endTime="2026-07-27T19:21:45.3382695+00:00" testType="13cdc9d9-ddb5-4fa4-a97d-d965ccfc6d4b" outcome="Passed" testListId="8c84fa94-04c1-424b-9868-57a2d4851a1d" relativeResultsDirectory="9ec9db0f-7605-4aa6-aa69-fa9d6b0d96c9" />
    <UnitTestResult executionId="79b57a72-6c5c-4a07-b5b7-ff08b2e7e320" testId="eeb64fdc-3ee7-d163-ea29-a6932b928043" testName="Sayra.Client.Configuration.Tests.SecurityTests.SecureRandom_VerifyUniqueKeysAndRandomIvs" computerName="devbox" duration="00:00:00.0005335" startTime="2026-07-27T19:22:32.5599966+00:00" endTime="2026-07-27T19:22:32.5599967+00:00" testType="13cdc9d9-ddb5-4fa4-a97d-d965ccfc6d4b" outcome="Passed" testListId="8c84fa94-04c1-424b-9868-57a2d4851a1d" relativeResultsDirectory="79b57a72-6c5c-4a07-b5b7-ff08b2e7e320" />
    <UnitTestResult executionId="7ad92c7f-e3de-432f-b8ad-2880e05d66e5" testId="c838d9b8-e874-a644-a378-79bf4936986e" testName="Sayra.Client.Configuration.Tests.SecureLaunchTests.LaunchAsync_MissingExecutable_ShouldThrowLaunchValidationException" computerName="devbox" duration="00:00:00.0030237" startTime="2026-07-27T19:22:25.2084190+00:00" endTime="2026-07-27T19:22:25.2084193+00:00" testType="13cdc9d9-ddb5-4fa4-a97d-d965ccfc6d4b" outcome="Passed" testListId="8c84fa94-04c1-424b-9868-57a2d4851a1d" relativeResultsDirectory="7ad92c7f-e3de-432f-b8ad-2880e05d66e5" />
    <UnitTestResult executionId="e3dbd128-4ad8-4b86-a359-831d14cee3a6" testId="3adc7ef3-2951-d2ff-07bd-3c707329db04" testName="Sayra.Client.Configuration.Tests.SecurityTests.MemoryProtection_VerifyBufferDisposalAndZeroing" computerName="devbox" duration="00:00:00.0069186" startTime="2026-07-27T19:22:32.5393184+00:00" endTime="2026-07-27T19:22:32.5393185+00:00" testType="13cdc9d9-ddb5-4fa4-a97d-d965ccfc6d4b" outcome="Passed" testListId="8c84fa94-04c1-424b-9868-57a2d4851a1d" relativeResultsDirectory="e3dbd128-4ad8-4b86-a359-831d14cee3a6" />
    <UnitTestResult executionId="3e0d6f1d-02c7-4c1b-b422-645e583baa9f" testId="1f3f8bed-7491-ce03-45a7-9e6964618585" testName="Sayra.Client.Configuration.Tests.RecoveryAndHardeningTests.Test_FaultIsolation_AdFailure_DoesNotImpactTelemetryOrCommands" computerName="devbox" duration="00:00:00.0015028" startTime="2026-07-27T19:22:30.1107018+00:00" endTime="2026-07-27T19:22:30.1107021+00:00" testType="13cdc9d9-ddb5-4fa4-a97d-d965ccfc6d4b" outcome="Passed" testListId="8c84fa94-04c1-424b-9868-57a2d4851a1d" relativeResultsDirectory="3e0d6f1d-02c7-4c1b-b422-645e583baa9f" />
    <UnitTestResult executionId="1f0cbc74-bf59-409b-87fb-921e2160b9e6" testId="9ab4e95e-4cea-4ba4-489c-1cd6f5076aaa" testName="Sayra.Client.Configuration.Tests.RemoteCommandStage2Tests.Retry_Worker_Triggers_Backoff_Retries_And_Moves_To_DLQ_On_Max_Failures" computerName="devbox" duration="00:00:01.0791362" startTime="2026-07-27T19:23:08.5905690+00:00" endTime="2026-07-27T19:23:08.5905691+00:00" testType="13cdc9d9-ddb5-4fa4-a97d-d965ccfc6d4b" outcome="Passed" testListId="8c84fa94-04c1-424b-9868-57a2d4851a1d" relativeResultsDirectory="1f0cbc74-bf59-409b-87fb-921e2160b9e6" />
    <UnitTestResult executionId="0f7f7a72-c7b0-4183-8415-a8477c5fcd7f" testId="5381f4af-4f2d-5471-4ff0-28279cadf3cc" testName="Sayra.Client.Configuration.Tests.RuntimeTests.StateMachine_InvalidTransition_ThrowsRuntimeTransitionException(fromState: Completed, toState: Running)" computerName="devbox" duration="00:00:00.0003733" startTime="2026-07-27T19:23:12.0386019+00:00" endTime="2026-07-27T19:23:12.0386020+00:00" testType="13cdc9d9-ddb5-4fa4-a97d-d965ccfc6d4b" outcome="Passed" testListId="8c84fa94-04c1-424b-9868-57a2d4851a1d" relativeResultsDirectory="0f7f7a72-c7b0-4183-8415-a8477c5fcd7f" />
    <UnitTestResult executionId="6938b376-417a-4153-82f0-122ffcea1735" testId="ea94ef01-99e7-f318-4407-fc831a8967a7" testName="Sayra.Client.Configuration.Tests.SecureTransportTests.Verify_Handshake_Timeout_Throws_Exception" computerName="devbox" duration="00:00:01.0063405" startTime="2026-07-27T19:23:17.6923521+00:00" endTime="2026-07-27T19:23:17.6923522+00:00" testType="13cdc9d9-ddb5-4fa4-a97d-d965ccfc6d4b" outcome="Passed" testListId="8c84fa94-04c1-424b-9868-57a2d4851a1d" relativeResultsDirectory="6938b376-417a-4153-82f0-122ffcea1735" />
    <UnitTestResult executionId="ad882eed-d256-4602-80eb-213769b58a0f" testId="d03c2a3e-c25d-2846-2a7b-bc5784a8ca98" testName="Sayra.Client.Configuration.Tests.AdvertisementSystemTests.Repository_Save_And_Retrieve_Campaign_And_Impressions" computerName="devbox" duration="00:00:01.1115861" startTime="2026-07-27T19:21:33.0051010+00:00" endTime="2026-07-27T19:21:33.0051381+00:00" testType="13cdc9d9-ddb5-4fa4-a97d-d965ccfc6d4b" outcome="Passed" testListId="8c84fa94-04c1-424b-9868-57a2d4851a1d" relativeResultsDirectory="ad882eed-d256-4602-80eb-213769b58a0f" />
    <UnitTestResult executionId="bde8a073-fa9b-40e3-ac99-aaf080df2e7b" testId="6719ae3c-2b00-4d9e-9a06-64eef9e4587d" testName="Sayra.Client.Configuration.Tests.RecoveryAndHardeningTests.Test_Watchdog_DetectsFrozenWorker_And_FlagsCriticalHealth" computerName="devbox" duration="00:00:00.0106987" startTime="2026-07-27T19:22:29.9934321+00:00" endTime="2026-07-27T19:22:29.9934326+00:00" testType="13cdc9d9-ddb5-4fa4-a97d-d965ccfc6d4b" outcome="Passed" testListId="8c84fa94-04c1-424b-9868-57a2d4851a1d" relativeResultsDirectory="bde8a073-fa9b-40e3-ac99-aaf080df2e7b" />
    <UnitTestResult executionId="086a4b30-820a-41d1-9d8b-e49e157faec5" testId="4f90d874-ad1f-654a-a32a-8a026bffd1f2" testName="Sayra.Client.Configuration.Tests.SecurityTests.Adversarial_NamedPipe_UnauthorizedFakeClient_ConnectionRejected" computerName="devbox" duration="00:00:00.0001544" startTime="2026-07-27T19:22:32.5591870+00:00" endTime="2026-07-27T19:22:32.5591870+00:00" testType="13cdc9d9-ddb5-4fa4-a97d-d965ccfc6d4b" outcome="Passed" testListId="8c84fa94-04c1-424b-9868-57a2d4851a1d" relativeResultsDirectory="086a4b30-820a-41d1-9d8b-e49e157faec5" />
    <UnitTestResult executionId="85452132-e729-405c-8e26-ba6b718ea6bc" testId="f1c9d263-22f5-fb60-ae29-18fb598eb39a" testName="Sayra.Client.Configuration.Tests.ProcessSupervisorTests.ProcessResourceMonitor_MissingProcess_ShouldThrowInvalidOperationException" computerName="devbox" duration="00:00:00.0021599" startTime="2026-07-27T19:22:25.3091533+00:00" endTime="2026-07-27T19:22:25.3091535+00:00" testType="13cdc9d9-ddb5-4fa4-a97d-d965ccfc6d4b" outcome="Passed" testListId="8c84fa94-04c1-424b-9868-57a2d4851a1d" relativeResultsDirectory="85452132-e729-405c-8e26-ba6b718ea6bc" />
    <UnitTestResult executionId="ef2db422-3b76-4606-a4cf-dc4e86133dd1" testId="761a0da1-93f7-2ea1-e4c4-472d1c0e6364" testName="Sayra.Client.Configuration.Tests.RuntimeTests.StateMachine_InvalidTransition_ThrowsRuntimeTransitionException(fromState: Preparing, toState: Running)" computerName="devbox" duration="00:00:00.0009334" startTime="2026-07-27T19:23:12.0382031+00:00" endTime="2026-07-27T19:23:12.0382032+00:00" testType="13cdc9d9-ddb5-4fa4-a97d-d965ccfc6d4b" outcome="Passed" testListId="8c84fa94-04c1-424b-9868-57a2d4851a1d" relativeResultsDirectory="ef2db422-3b76-4606-a4cf-dc4e86133dd1" />
    <UnitTestResult executionId="a6cf0c0c-412f-4df7-a7c4-5737db0c03db" testId="25dd2744-39da-6230-4ea9-73f1853461e2" testName="Sayra.Client.Configuration.Tests.ConfigurationSyncTests.Validator_ShouldFail_OnOutOfRangeUdpPort" computerName="devbox" duration="00:00:00.2119136" startTime="2026-07-27T19:22:26.6956162+00:00" endTime="2026-07-27T19:22:26.6956164+00:00" testType="13cdc9d9-ddb5-4fa4-a97d-d965ccfc6d4b" outcome="Passed" testListId="8c84fa94-04c1-424b-9868-57a2d4851a1d" relativeResultsDirectory="a6cf0c0c-412f-4df7-a7c4-5737db0c03db" />
    <UnitTestResult executionId="d959fe7a-598f-48a5-9ed6-eb5d15ccc157" testId="1436abaf-d9c1-7452-4738-3cc95d807bea" testName="Sayra.Client.Configuration.Tests.KioskSecurityTests.MaintenanceMode_AuthenticationAndTimeout_BehavesCorrectly" computerName="devbox" duration="00:00:00.5663127" startTime="2026-07-27T19:22:26.4829177+00:00" endTime="2026-07-27T19:22:26.4829178+00:00" testType="13cdc9d9-ddb5-4fa4-a97d-d965ccfc6d4b" outcome="Passed" testListId="8c84fa94-04c1-424b-9868-57a2d4851a1d" relativeResultsDirectory="d959fe7a-598f-48a5-9ed6-eb5d15ccc157" />
    <UnitTestResult executionId="eafca06a-9e56-46b5-80c8-042c73db2e09" testId="13022cef-a419-eef0-7db2-7eb88e77fb4e" testName="Sayra.Client.Configuration.Tests.PolicyEngineTests.PolicyEngine_ShouldApplyIdempotentlyWithoutCorruption" computerName="devbox" duration="00:00:00.0047796" startTime="2026-07-27T19:22:25.4494180+00:00" endTime="2026-07-27T19:22:25.4494181+00:00" testType="13cdc9d9-ddb5-4fa4-a97d-d965ccfc6d4b" outcome="Passed" testListId="8c84fa94-04c1-424b-9868-57a2d4851a1d" relativeResultsDirectory="eafca06a-9e56-46b5-80c8-042c73db2e09" />
    <UnitTestResult executionId="b700d965-0e9c-46f5-87cd-cd13ee042950" testId="9171819b-2f1d-4a3e-3694-ea6a29179b00" testName="Sayra.Client.Configuration.Tests.PolicyEngineTests.UsbPolicyManager_ShouldCorrectlyEvaluateBlackListAndWhiteList" computerName="devbox" duration="00:00:00.0063980" startTime="2026-07-27T19:22:25.4080174+00:00" endTime="2026-07-27T19:22:25.4080176+00:00" testType="13cdc9d9-ddb5-4fa4-a97d-d965ccfc6d4b" outcome="Passed" testListId="8c84fa94-04c1-424b-9868-57a2d4851a1d" relativeResultsDirectory="b700d965-0e9c-46f5-87cd-cd13ee042950" />
    <UnitTestResult executionId="924a0d68-0233-49e6-af42-5396cf6c2e4d" testId="e8ddcd56-f1f0-4108-e746-41b933cdb348" testName="Sayra.Client.Configuration.Tests.RemoteCommandStage2Tests.Offline_Command_Queue_Restores_Pending_And_Interrupted_Commands" computerName="devbox" duration="00:00:00.8097317" startTime="2026-07-27T19:22:35.3636916+00:00" endTime="2026-07-27T19:22:35.3636917+00:00" testType="13cdc9d9-ddb5-4fa4-a97d-d965ccfc6d4b" outcome="Passed" testListId="8c84fa94-04c1-424b-9868-57a2d4851a1d" relativeResultsDirectory="924a0d68-0233-49e6-af42-5396cf6c2e4d" />
    <UnitTestResult executionId="12ee9ba8-356d-49c2-b347-7dffbd579711" testId="3e66004a-ef8b-8077-553f-7f9c94c9d6e0" testName="Sayra.Client.Configuration.Tests.LiveTelemetryTests.Test_ProcessInventoryCollector_Sha256HashGeneration" computerName="devbox" duration="00:00:00.0017107" startTime="2026-07-27T19:22:25.7724816+00:00" endTime="2026-07-27T19:22:25.7724818+00:00" testType="13cdc9d9-ddb5-4fa4-a97d-d965ccfc6d4b" outcome="Passed" testListId="8c84fa94-04c1-424b-9868-57a2d4851a1d" relativeResultsDirectory="12ee9ba8-356d-49c2-b347-7dffbd579711" />
    <UnitTestResult executionId="c5ec1b4e-841a-4786-969c-df510fe3b467" testId="62494317-e89c-2955-1d38-fdcf6cee63e3" testName="Sayra.Client.Configuration.Tests.FleetManagementTests.Bulk_Operation_Signature_Rejection" computerName="devbox" duration="00:00:00.6764329" startTime="2026-07-27T19:22:19.7004991+00:00" endTime="2026-07-27T19:22:19.7004993+00:00" testType="13cdc9d9-ddb5-4fa4-a97d-d965ccfc6d4b" outcome="Passed" testListId="8c84fa94-04c1-424b-9868-57a2d4851a1d" relativeResultsDirectory="c5ec1b4e-841a-4786-969c-df510fe3b467" />
    <UnitTestResult executionId="de086b22-e85e-4a37-8ba2-68778b016bfb" testId="4546e451-53be-2ec4-b2c4-8ed0ddcd7514" testName="Sayra.Client.Configuration.Tests.RecoveryAndHardeningTests.Test_AuditTrail_DetectsCorruptedHashChain" computerName="devbox" duration="00:00:00.0045923" startTime="2026-07-27T19:22:30.3442677+00:00" endTime="2026-07-27T19:22:30.3442680+00:00" testType="13cdc9d9-ddb5-4fa4-a97d-d965ccfc6d4b" outcome="Passed" testListId="8c84fa94-04c1-424b-9868-57a2d4851a1d" relativeResultsDirectory="de086b22-e85e-4a37-8ba2-68778b016bfb" />
    <UnitTestResult executionId="042b246e-873c-4611-a9c9-cdc485edfd6a" testId="369750fc-8537-6e97-624f-220a9aa7b341" testName="Sayra.Client.Configuration.Tests.RuntimeTests.SessionManager_StopAsync_CompletesSessionSuccessfully" computerName="devbox" duration="00:00:00.0012573" startTime="2026-07-27T19:23:12.0486151+00:00" endTime="2026-07-27T19:23:12.0486151+00:00" testType="13cdc9d9-ddb5-4fa4-a97d-d965ccfc6d4b" outcome="Passed" testListId="8c84fa94-04c1-424b-9868-57a2d4851a1d" relativeResultsDirectory="042b246e-873c-4611-a9c9-cdc485edfd6a" />
    <UnitTestResult executionId="80dfc4f3-d590-42b2-9ea5-bab37ea155f6" testId="17dd64c2-321b-2755-683c-98f2c3ad2613" testName="Sayra.Client.Configuration.Tests.ConfigurationSyncTests.SignatureValidator_ShouldFail_OnModifiedPayload" computerName="devbox" duration="00:00:00.2775720" startTime="2026-07-27T19:22:27.7277433+00:00" endTime="2026-07-27T19:22:27.7277436+00:00" testType="13cdc9d9-ddb5-4fa4-a97d-d965ccfc6d4b" outcome="Passed" testListId="8c84fa94-04c1-424b-9868-57a2d4851a1d" relativeResultsDirectory="80dfc4f3-d590-42b2-9ea5-bab37ea155f6" />
    <UnitTestResult executionId="f168bfcb-79a6-4d59-8908-6760e474b520" testId="3e3d63ed-cd6e-d1ec-6251-65100256369f" testName="Sayra.Client.Configuration.Tests.FleetManagementTests.Operation_Coordinator_Concurrency" computerName="devbox" duration="00:00:00.0148133" startTime="2026-07-27T19:22:25.1494696+00:00" endTime="2026-07-27T19:22:25.1494700+00:00" testType="13cdc9d9-ddb5-4fa4-a97d-d965ccfc6d4b" outcome="Passed" testListId="8c84fa94-04c1-424b-9868-57a2d4851a1d" relativeResultsDirectory="f168bfcb-79a6-4d59-8908-6760e474b520" />
    <UnitTestResult executionId="75f09a99-028b-4bfe-840a-d8c144be98e7" testId="57aabe3c-a6e8-0736-c74b-6b7edeb86c5a" testName="Sayra.Client.Configuration.Tests.RuntimeSessionManagementTests.E2E_RuntimeSessionLifecycle_FullSequence" computerName="devbox" duration="00:00:00.0477649" startTime="2026-07-27T19:22:25.5346868+00:00" endTime="2026-07-27T19:22:25.5346871+00:00" testType="13cdc9d9-ddb5-4fa4-a97d-d965ccfc6d4b" outcome="Passed" testListId="8c84fa94-04c1-424b-9868-57a2d4851a1d" relativeResultsDirectory="75f09a99-028b-4bfe-840a-d8c144be98e7" />
    <UnitTestResult executionId="39157c08-20d4-4708-9cba-c42b52e70b8d" testId="65b8226b-79ca-f2ce-391d-abad969c9007" testName="Sayra.Client.Configuration.Tests.RemoteCommandStage2Tests.Audit_Service_Generates_Valid_Hash_Chains_And_Detects_Database_Tampering" computerName="devbox" duration="00:00:00.6757294" startTime="2026-07-27T19:23:12.0322369+00:00" endTime="2026-07-27T19:23:12.0322369+00:00" testType="13cdc9d9-ddb5-4fa4-a97d-d965ccfc6d4b" outcome="Passed" testListId="8c84fa94-04c1-424b-9868-57a2d4851a1d" relativeResultsDirectory="39157c08-20d4-4708-9cba-c42b52e70b8d" />
    <UnitTestResult executionId="95052869-056b-4aa5-a572-b478310d3f31" testId="4297268e-7f69-b7fd-e49c-fdff24047e1c" testName="Sayra.Client.Configuration.Tests.RuntimeTests.StateMachine_InvalidTransition_ThrowsRuntimeTransitionException(fromState: Failed, toState: Created)" computerName="devbox" duration="00:00:00.0000929" startTime="2026-07-27T19:23:12.0390577+00:00" endTime="2026-07-27T19:23:12.0390578+00:00" testType="13cdc9d9-ddb5-4fa4-a97d-d965ccfc6d4b" outcome="Passed" testListId="8c84fa94-04c1-424b-9868-57a2d4851a1d" relativeResultsDirectory="95052869-056b-4aa5-a572-b478310d3f31" />
    <UnitTestResult executionId="b21b7a29-e978-49ee-908a-bacebb5108fb" testId="3116744f-da3b-7c33-3557-69f6d8fda441" testName="Sayra.Client.Configuration.Tests.PolicyEngineTests.SessionPolicyManager_ShouldConfigureSessionSettingsCorrectly" computerName="devbox" duration="00:00:00.0045892" startTime="2026-07-27T19:22:25.4761462+00:00" endTime="2026-07-27T19:22:25.4761463+00:00" testType="13cdc9d9-ddb5-4fa4-a97d-d965ccfc6d4b" outcome="Passed" testListId="8c84fa94-04c1-424b-9868-57a2d4851a1d" relativeResultsDirectory="b21b7a29-e978-49ee-908a-bacebb5108fb" />
    <UnitTestResult executionId="e95515a7-d29b-423a-995a-90b682bc22c2" testId="c9288dd4-e6c1-428a-f369-d47550a6a647" testName="Sayra.Client.Configuration.Tests.PolicyEngineTests.SessionPolicyManager_ShouldToggleMaintenanceModeCorrectly" computerName="devbox" duration="00:00:00.0033046" startTime="2026-07-27T19:22:25.4861116+00:00" endTime="2026-07-27T19:22:25.4861117+00:00" testType="13cdc9d9-ddb5-4fa4-a97d-d965ccfc6d4b" outcome="Passed" testListId="8c84fa94-04c1-424b-9868-57a2d4851a1d" relativeResultsDirectory="e95515a7-d29b-423a-995a-90b682bc22c2" />
    <UnitTestResult executionId="b78ba5f8-237e-4559-a5e9-fa4295a03874" testId="8574fb2e-322c-977e-e4ee-21863a9371da" testName="Sayra.Client.Configuration.Tests.RecoveryAndHardeningTests.Test_Simulated24HourCycle_VerifiesSystemStability" computerName="devbox" duration="00:00:00.0080223" startTime="2026-07-27T19:22:30.1089702+00:00" endTime="2026-07-27T19:22:30.1089704+00:00" testType="13cdc9d9-ddb5-4fa4-a97d-d965ccfc6d4b" outcome="Passed" testListId="8c84fa94-04c1-424b-9868-57a2d4851a1d" relativeResultsDirectory="b78ba5f8-237e-4559-a5e9-fa4295a03874" />
    <UnitTestResult executionId="645fa7b0-2880-4034-8f60-1d16e3ab8ee2" testId="1fc90387-c672-b783-fb07-585e8fc5f4d9" testName="Sayra.Client.Configuration.Tests.RuntimeSessionManagementTests.IdleDetection_ShouldChangeState_AndResetOnActivity" computerName="devbox" duration="00:00:00.0013240" startTime="2026-07-27T19:22:25.5459136+00:00" endTime="2026-07-27T19:22:25.5459139+00:00" testType="13cdc9d9-ddb5-4fa4-a97d-d965ccfc6d4b" outcome="Passed" testListId="8c84fa94-04c1-424b-9868-57a2d4851a1d" relativeResultsDirectory="645fa7b0-2880-4034-8f60-1d16e3ab8ee2" />
    <UnitTestResult executionId="4bed74b8-49e2-484c-9184-ee3cf563e8c0" testId="5d6cdcba-cd32-7d50-c20f-0ce306e84daf" testName="Sayra.Client.Configuration.Tests.RemoteCommandStage2Tests.Repository_Saves_Gets_And_Queries_History_Successfully" computerName="devbox" duration="00:00:00.7379933" startTime="2026-07-27T19:22:36.7821359+00:00" endTime="2026-07-27T19:22:36.7821360+00:00" testType="13cdc9d9-ddb5-4fa4-a97d-d965ccfc6d4b" outcome="Passed" testListId="8c84fa94-04c1-424b-9868-57a2d4851a1d" relativeResultsDirectory="4bed74b8-49e2-484c-9184-ee3cf563e8c0" />
    <UnitTestResult executionId="bb12513e-d242-40aa-9665-2ff1d8bfe2eb" testId="4b8ad850-d544-c51c-75c7-b12e72d906f0" testName="Sayra.Client.Configuration.Tests.RemoteCommandTests.SecurityPipeline_InvalidHmac_ShouldBeRejectedAndLogAudit" computerName="devbox" duration="00:00:00.1479910" startTime="2026-07-27T19:21:43.4011629+00:00" endTime="2026-07-27T19:21:43.4011635+00:00" testType="13cdc9d9-ddb5-4fa4-a97d-d965ccfc6d4b" outcome="Passed" testListId="8c84fa94-04c1-424b-9868-57a2d4851a1d" relativeResultsDirectory="bb12513e-d242-40aa-9665-2ff1d8bfe2eb" />
    <UnitTestResult executionId="6a8649e2-a378-4ac6-aae3-730578007012" testId="b7d841eb-7bfb-91ed-03f4-ee021892362b" testName="Sayra.Client.Configuration.Tests.SecureTransportTests.Verify_Session_Creation_Renewal_Expiration_Cleanup" computerName="devbox" duration="00:00:00.6349406" startTime="2026-07-27T19:23:14.7455143+00:00" endTime="2026-07-27T19:23:14.7455144+00:00" testType="13cdc9d9-ddb5-4fa4-a97d-d965ccfc6d4b" outcome="Passed" testListId="8c84fa94-04c1-424b-9868-57a2d4851a1d" relativeResultsDirectory="6a8649e2-a378-4ac6-aae3-730578007012" />
    <UnitTestResult executionId="c84463da-d902-4324-888f-f0b4b5ddffc8" testId="a33a3d39-2715-7f00-af95-5acff748ea80" testName="Sayra.Client.Configuration.Tests.RuntimeTests.StateMachine_TransitionToFailed_IsAllowedFromAnyState(startingState: Stopping)" computerName="devbox" duration="00:00:00.0001105" startTime="2026-07-27T19:23:12.0367503+00:00" endTime="2026-07-27T19:23:12.0367504+00:00" testType="13cdc9d9-ddb5-4fa4-a97d-d965ccfc6d4b" outcome="Passed" testListId="8c84fa94-04c1-424b-9868-57a2d4851a1d" relativeResultsDirectory="c84463da-d902-4324-888f-f0b4b5ddffc8" />
    <UnitTestResult executionId="c749cf22-44cd-401c-82f2-c35aecded722" testId="d66b0150-ff88-a52c-d013-d40d356adf45" testName="Sayra.Client.Configuration.Tests.AdvertisementSystemTests.PlaybackService_Fires_Events_Successfully_On_Start_And_Complete" computerName="devbox" duration="00:00:02.1014754" startTime="2026-07-27T19:21:35.1120440+00:00" endTime="2026-07-27T19:21:35.1120442+00:00" testType="13cdc9d9-ddb5-4fa4-a97d-d965ccfc6d4b" outcome="Passed" testListId="8c84fa94-04c1-424b-9868-57a2d4851a1d" relativeResultsDirectory="c749cf22-44cd-401c-82f2-c35aecded722" />
    <UnitTestResult executionId="cf1d85ac-6d45-4272-9443-57d6ea68dbcf" testId="bfbb569f-ca4d-0222-43d6-382eed54187c" testName="Sayra.Client.Configuration.Tests.RecoveryAndHardeningTests.Test_ConcurrentSubsystemFailure_HealsAllConcurrently" computerName="devbox" duration="00:00:00.1012840" startTime="2026-07-27T19:22:30.1007359+00:00" endTime="2026-07-27T19:22:30.1007362+00:00" testType="13cdc9d9-ddb5-4fa4-a97d-d965ccfc6d4b" outcome="Passed" testListId="8c84fa94-04c1-424b-9868-57a2d4851a1d" relativeResultsDirectory="cf1d85ac-6d45-4272-9443-57d6ea68dbcf" />
    <UnitTestResult executionId="5d5e6283-af6b-4a98-864a-12c0837f5186" testId="ea8a5375-1180-09b1-1864-59361a47dbc6" testName="Sayra.Client.Configuration.Tests.RemoteCommandTests.Engine_ShouldProcessCommandsInPriorityOrder" computerName="devbox" duration="00:00:00.4008730" startTime="2026-07-27T19:21:44.5557780+00:00" endTime="2026-07-27T19:21:44.5557791+00:00" testType="13cdc9d9-ddb5-4fa4-a97d-d965ccfc6d4b" outcome="Passed" testListId="8c84fa94-04c1-424b-9868-57a2d4851a1d" relativeResultsDirectory="5d5e6283-af6b-4a98-864a-12c0837f5186" />
[...]
    <TestEntry testId="c1b5679c-3f4d-8262-2244-4240187eec2f" executionId="563bc972-3e9c-4a4f-b29f-0e5cfe4da62e" testListId="8c84fa94-04c1-424b-9868-57a2d4851a1d" />
    <TestEntry testId="67f405c1-fb62-4fbc-6ae9-bec4e783a266" executionId="073784fb-e785-4894-93a2-e1725bd6af4b" testListId="8c84fa94-04c1-424b-9868-57a2d4851a1d" />
    <TestEntry testId="bb007ada-35e5-d9e7-c1dd-76b23a819312" executionId="b094406a-7c28-4a9f-b0f2-7d61fa6dd625" testListId="8c84fa94-04c1-424b-9868-57a2d4851a1d" />
    <TestEntry testId="72208fe2-aa83-6d9f-61b5-9a331527620c" executionId="f453f7fe-1bc4-4716-9780-e914e6d85ef4" testListId="8c84fa94-04c1-424b-9868-57a2d4851a1d" />
    <TestEntry testId="08c2442c-1cb1-ecf8-72a0-10a73a5c3377" executionId="9ec9db0f-7605-4aa6-aa69-fa9d6b0d96c9" testListId="8c84fa94-04c1-424b-9868-57a2d4851a1d" />
    <TestEntry testId="eeb64fdc-3ee7-d163-ea29-a6932b928043" executionId="79b57a72-6c5c-4a07-b5b7-ff08b2e7e320" testListId="8c84fa94-04c1-424b-9868-57a2d4851a1d" />
    <TestEntry testId="c838d9b8-e874-a644-a378-79bf4936986e" executionId="7ad92c7f-e3de-432f-b8ad-2880e05d66e5" testListId="8c84fa94-04c1-424b-9868-57a2d4851a1d" />
    <TestEntry testId="3adc7ef3-2951-d2ff-07bd-3c707329db04" executionId="e3dbd128-4ad8-4b86-a359-831d14cee3a6" testListId="8c84fa94-04c1-424b-9868-57a2d4851a1d" />
    <TestEntry testId="1f3f8bed-7491-ce03-45a7-9e6964618585" executionId="3e0d6f1d-02c7-4c1b-b422-645e583baa9f" testListId="8c84fa94-04c1-424b-9868-57a2d4851a1d" />
    <TestEntry testId="9ab4e95e-4cea-4ba4-489c-1cd6f5076aaa" executionId="1f0cbc74-bf59-409b-87fb-921e2160b9e6" testListId="8c84fa94-04c1-424b-9868-57a2d4851a1d" />
    <TestEntry testId="5381f4af-4f2d-5471-4ff0-28279cadf3cc" executionId="0f7f7a72-c7b0-4183-8415-a8477c5fcd7f" testListId="8c84fa94-04c1-424b-9868-57a2d4851a1d" />
    <TestEntry testId="ea94ef01-99e7-f318-4407-fc831a8967a7" executionId="6938b376-417a-4153-82f0-122ffcea1735" testListId="8c84fa94-04c1-424b-9868-57a2d4851a1d" />
    <TestEntry testId="d03c2a3e-c25d-2846-2a7b-bc5784a8ca98" executionId="ad882eed-d256-4602-80eb-213769b58a0f" testListId="8c84fa94-04c1-424b-9868-57a2d4851a1d" />
    <TestEntry testId="6719ae3c-2b00-4d9e-9a06-64eef9e4587d" executionId="bde8a073-fa9b-40e3-ac99-aaf080df2e7b" testListId="8c84fa94-04c1-424b-9868-57a2d4851a1d" />
    <TestEntry testId="4f90d874-ad1f-654a-a32a-8a026bffd1f2" executionId="086a4b30-820a-41d1-9d8b-e49e157faec5" testListId="8c84fa94-04c1-424b-9868-57a2d4851a1d" />
    <TestEntry testId="f1c9d263-22f5-fb60-ae29-18fb598eb39a" executionId="85452132-e729-405c-8e26-ba6b718ea6bc" testListId="8c84fa94-04c1-424b-9868-57a2d4851a1d" />
    <TestEntry testId="761a0da1-93f7-2ea1-e4c4-472d1c0e6364" executionId="ef2db422-3b76-4606-a4cf-dc4e86133dd1" testListId="8c84fa94-04c1-424b-9868-57a2d4851a1d" />
    <TestEntry testId="25dd2744-39da-6230-4ea9-73f1853461e2" executionId="a6cf0c0c-412f-4df7-a7c4-5737db0c03db" testListId="8c84fa94-04c1-424b-9868-57a2d4851a1d" />
    <TestEntry testId="1436abaf-d9c1-7452-4738-3cc95d807bea" executionId="d959fe7a-598f-48a5-9ed6-eb5d15ccc157" testListId="8c84fa94-04c1-424b-9868-57a2d4851a1d" />
    <TestEntry testId="13022cef-a419-eef0-7db2-7eb88e77fb4e" executionId="eafca06a-9e56-46b5-80c8-042c73db2e09" testListId="8c84fa94-04c1-424b-9868-57a2d4851a1d" />
    <TestEntry testId="9171819b-2f1d-4a3e-3694-ea6a29179b00" executionId="b700d965-0e9c-46f5-87cd-cd13ee042950" testListId="8c84fa94-04c1-424b-9868-57a2d4851a1d" />
    <TestEntry testId="e8ddcd56-f1f0-4108-e746-41b933cdb348" executionId="924a0d68-0233-49e6-af42-5396cf6c2e4d" testListId="8c84fa94-04c1-424b-9868-57a2d4851a1d" />
    <TestEntry testId="3e66004a-ef8b-8077-553f-7f9c94c9d6e0" executionId="12ee9ba8-356d-49c2-b347-7dffbd579711" testListId="8c84fa94-04c1-424b-9868-57a2d4851a1d" />
    <TestEntry testId="62494317-e89c-2955-1d38-fdcf6cee63e3" executionId="c5ec1b4e-841a-4786-969c-df510fe3b467" testListId="8c84fa94-04c1-424b-9868-57a2d4851a1d" />
    <TestEntry testId="4546e451-53be-2ec4-b2c4-8ed0ddcd7514" executionId="de086b22-e85e-4a37-8ba2-68778b016bfb" testListId="8c84fa94-04c1-424b-9868-57a2d4851a1d" />
    <TestEntry testId="369750fc-8537-6e97-624f-220a9aa7b341" executionId="042b246e-873c-4611-a9c9-cdc485edfd6a" testListId="8c84fa94-04c1-424b-9868-57a2d4851a1d" />
    <TestEntry testId="17dd64c2-321b-2755-683c-98f2c3ad2613" executionId="80dfc4f3-d590-42b2-9ea5-bab37ea155f6" testListId="8c84fa94-04c1-424b-9868-57a2d4851a1d" />
    <TestEntry testId="3e3d63ed-cd6e-d1ec-6251-65100256369f" executionId="f168bfcb-79a6-4d59-8908-6760e474b520" testListId="8c84fa94-04c1-424b-9868-57a2d4851a1d" />
    <TestEntry testId="57aabe3c-a6e8-0736-c74b-6b7edeb86c5a" executionId="75f09a99-028b-4bfe-840a-d8c144be98e7" testListId="8c84fa94-04c1-424b-9868-57a2d4851a1d" />
    <TestEntry testId="65b8226b-79ca-f2ce-391d-abad969c9007" executionId="39157c08-20d4-4708-9cba-c42b52e70b8d" testListId="8c84fa94-04c1-424b-9868-57a2d4851a1d" />
    <TestEntry testId="4297268e-7f69-b7fd-e49c-fdff24047e1c" executionId="95052869-056b-4aa5-a572-b478310d3f31" testListId="8c84fa94-04c1-424b-9868-57a2d4851a1d" />
    <TestEntry testId="3116744f-da3b-7c33-3557-69f6d8fda441" executionId="b21b7a29-e978-49ee-908a-bacebb5108fb" testListId="8c84fa94-04c1-424b-9868-57a2d4851a1d" />
    <TestEntry testId="c9288dd4-e6c1-428a-f369-d47550a6a647" executionId="e95515a7-d29b-423a-995a-90b682bc22c2" testListId="8c84fa94-04c1-424b-9868-57a2d4851a1d" />
    <TestEntry testId="8574fb2e-322c-977e-e4ee-21863a9371da" executionId="b78ba5f8-237e-4559-a5e9-fa4295a03874" testListId="8c84fa94-04c1-424b-9868-57a2d4851a1d" />
    <TestEntry testId="1fc90387-c672-b783-fb07-585e8fc5f4d9" executionId="645fa7b0-2880-4034-8f60-1d16e3ab8ee2" testListId="8c84fa94-04c1-424b-9868-57a2d4851a1d" />
    <TestEntry testId="5d6cdcba-cd32-7d50-c20f-0ce306e84daf" executionId="4bed74b8-49e2-484c-9184-ee3cf563e8c0" testListId="8c84fa94-04c1-424b-9868-57a2d4851a1d" />
    <TestEntry testId="4b8ad850-d544-c51c-75c7-b12e72d906f0" executionId="bb12513e-d242-40aa-9665-2ff1d8bfe2eb" testListId="8c84fa94-04c1-424b-9868-57a2d4851a1d" />
    <TestEntry testId="b7d841eb-7bfb-91ed-03f4-ee021892362b" executionId="6a8649e2-a378-4ac6-aae3-730578007012" testListId="8c84fa94-04c1-424b-9868-57a2d4851a1d" />
    <TestEntry testId="a33a3d39-2715-7f00-af95-5acff748ea80" executionId="c84463da-d902-4324-888f-f0b4b5ddffc8" testListId="8c84fa94-04c1-424b-9868-57a2d4851a1d" />
    <TestEntry testId="d66b0150-ff88-a52c-d013-d40d356adf45" executionId="c749cf22-44cd-401c-82f2-c35aecded722" testListId="8c84fa94-04c1-424b-9868-57a2d4851a1d" />
    <TestEntry testId="bfbb569f-ca4d-0222-43d6-382eed54187c" executionId="cf1d85ac-6d45-4272-9443-57d6ea68dbcf" testListId="8c84fa94-04c1-424b-9868-57a2d4851a1d" />
    <TestEntry testId="ea8a5375-1180-09b1-1864-59361a47dbc6" executionId="5d5e6283-af6b-4a98-864a-12c0837f5186" testListId="8c84fa94-04c1-424b-9868-57a2d4851a1d" />
    <TestEntry testId="13678fe9-8145-4ada-541c-795b0b9f7a04" executionId="17c4b73d-c4fc-4052-97c7-c82ce3762f5f" testListId="8c84fa94-04c1-424b-9868-57a2d4851a1d" />
    <TestEntry testId="d1690eed-ad6a-9aa0-2706-84eac970c8e4" executionId="b5dc2a79-d853-42b8-96da-687888e8769c" testListId="8c84fa94-04c1-424b-9868-57a2d4851a1d" />
    <TestEntry testId="be9220af-2eda-0293-d290-6b7614141ec5" executionId="262e601b-34d7-4495-a4be-316bbdc462ff" testListId="8c84fa94-04c1-424b-9868-57a2d4851a1d" />
    <TestEntry testId="dc7b5ef8-27c0-ad96-2464-15b235d7c8cc" executionId="67038548-573e-4385-a7d2-99b8e3e5ebdd" testListId="8c84fa94-04c1-424b-9868-57a2d4851a1d" />
    <TestEntry testId="90a5cd14-893a-a222-77cf-7c6d85d6d6f4" executionId="19e9c863-dc78-4b09-9587-2677c4a001b0" testListId="8c84fa94-04c1-424b-9868-57a2d4851a1d" />
    <TestEntry testId="17adaca9-b3c0-91f9-ae35-1b90f68e4df8" executionId="0c6af2cd-20ea-4910-a7dc-ba9c6f6f2eab" testListId="8c84fa94-04c1-424b-9868-57a2d4851a1d" />
    <TestEntry testId="77791b26-258c-36d0-de5b-b85785d36b94" executionId="ea83af5e-c383-42a0-b3c1-5f4eb556574d" testListId="8c84fa94-04c1-424b-9868-57a2d4851a1d" />
    <TestEntry testId="505ce533-6e04-c923-a56a-25cd4d2af245" executionId="685bc9ca-bf26-47ad-a8cc-399034fa414d" testListId="8c84fa94-04c1-424b-9868-57a2d4851a1d" />
    <TestEntry testId="2326cfc4-7191-7954-3bed-57af44e15fd6" executionId="3a8ecfd0-dfb9-4a89-8d58-fc7a77c41e8c" testListId="8c84fa94-04c1-424b-9868-57a2d4851a1d" />
    <TestEntry testId="00a8d08b-00ef-c9c4-b162-e728f0b3d41c" executionId="a2694b50-b32e-4d36-9a47-976f780ef683" testListId="8c84fa94-04c1-424b-9868-57a2d4851a1d" />
    <TestEntry testId="bbb23c63-cedb-ecb5-7179-c124424d1ea5" executionId="7467f74f-be15-4a49-a376-4c30dc8115c6" testListId="8c84fa94-04c1-424b-9868-57a2d4851a1d" />
    <TestEntry testId="3f224173-6f48-c93d-9766-191989b40dbc" executionId="2e70b2ea-d475-4f4b-a534-1df2bb14648d" testListId="8c84fa94-04c1-424b-9868-57a2d4851a1d" />
    <TestEntry testId="f01a489d-893a-2916-7f67-1b173d55b8c3" executionId="73842d18-d515-444c-9bd3-2eda5d732a0c" testListId="8c84fa94-04c1-424b-9868-57a2d4851a1d" />
    <TestEntry testId="aceb0755-96af-a385-5eed-29b0469e89ee" executionId="15957b8c-df4f-471e-ad21-65aa1f21d729" testListId="8c84fa94-04c1-424b-9868-57a2d4851a1d" />
    <TestEntry testId="9e893e4e-9047-848a-fd6c-f307a88f86a1" executionId="e8d95086-779d-4e15-888b-834881eb4fc6" testListId="8c84fa94-04c1-424b-9868-57a2d4851a1d" />
    <TestEntry testId="13ba6cf2-0bd5-0926-f4ff-8bfe66605982" executionId="719c7212-c963-4fec-8247-bcc878b0da19" testListId="8c84fa94-04c1-424b-9868-57a2d4851a1d" />
    <TestEntry testId="900f7749-a6e5-31b7-97b4-e574a8f1c3a7" executionId="01d6cca6-420a-48de-bbfc-66a9275b04bd" testListId="8c84fa94-04c1-424b-9868-57a2d4851a1d" />
    <TestEntry testId="1ddadbaa-1a81-5426-e58b-f750e42d8cf1" executionId="9e96f639-8ef5-46a8-ae28-ff318d69fcf5" testListId="8c84fa94-04c1-424b-9868-57a2d4851a1d" />
    <TestEntry testId="1c221c68-8a73-baf1-1d18-fa45a0f0baf5" executionId="f3c2c003-be2d-4697-b6ff-11688f7542f4" testListId="8c84fa94-04c1-424b-9868-57a2d4851a1d" />
    <TestEntry testId="672c28d1-9fee-1831-75f2-f80433d9cdd5" executionId="804b1219-8565-442c-adc9-653aaa78b442" testListId="8c84fa94-04c1-424b-9868-57a2d4851a1d" />
    <TestEntry testId="89bd6166-e80e-531b-9070-780c2657fd30" executionId="22cc4300-6405-4a82-8ecc-dff5cb9d26b0" testListId="8c84fa94-04c1-424b-9868-57a2d4851a1d" />
    <TestEntry testId="8907d534-2920-1b32-cde8-39d10fd080e2" executionId="ba5a2239-01cb-4cda-aa17-2bf4a2008f1a" testListId="8c84fa94-04c1-424b-9868-57a2d4851a1d" />
    <TestEntry testId="31ca4b73-b28e-3c87-cb86-e4e9ec921733" executionId="2a7e3d82-672f-4a34-8fa5-5aec773d8671" testListId="8c84fa94-04c1-424b-9868-57a2d4851a1d" />
    <TestEntry testId="520cc864-8175-97dd-6e04-22ca44ba5b82" executionId="27200950-58d7-4ecc-a305-090080d21832" testListId="8c84fa94-04c1-424b-9868-57a2d4851a1d" />
    <TestEntry testId="4f6c52c5-269f-3ef7-a722-82292ac0bbfe" executionId="f7b09907-6135-415b-9946-eacf58423c17" testListId="8c84fa94-04c1-424b-9868-57a2d4851a1d" />
    <TestEntry testId="a4e5dfcb-d93d-4ec7-e33a-cc72def5a563" executionId="c21d0ae2-d9e8-4410-802b-aa7f692d4ada" testListId="8c84fa94-04c1-424b-9868-57a2d4851a1d" />
    <TestEntry testId="cf52a05d-6080-2048-9d4c-24d76cdcef8a" executionId="3b69ea35-c5d4-44fc-9ec9-6ed4abeb892b" testListId="8c84fa94-04c1-424b-9868-57a2d4851a1d" />
    <TestEntry testId="d5de4296-42c1-84d5-0d8e-18a9501992fe" executionId="e21022f6-3494-4be6-b031-ce75912eb9c9" testListId="8c84fa94-04c1-424b-9868-57a2d4851a1d" />
    <TestEntry testId="65762e6e-aa61-7440-bdb8-b1ab262bb31f" executionId="9441ce34-c896-42c3-a787-c42f12baba23" testListId="8c84fa94-04c1-424b-9868-57a2d4851a1d" />
    <TestEntry testId="0e0c6cd7-2231-5d17-d013-421e840a0de1" executionId="ddcca496-d642-49f7-976a-7b5461051a08" testListId="8c84fa94-04c1-424b-9868-57a2d4851a1d" />
    <TestEntry testId="d0df4130-e7a2-72b1-654a-2cba2c69e905" executionId="46be5687-d328-47c8-bee6-e169160f5daf" testListId="8c84fa94-04c1-424b-9868-57a2d4851a1d" />
    <TestEntry testId="8200c4fe-2cb8-4989-fd29-01bf38c38e10" executionId="d38ab436-82b3-4d30-a8ef-e8fa602e261d" testListId="8c84fa94-04c1-424b-9868-57a2d4851a1d" />
    <TestEntry testId="2b97df94-9184-61bb-2e98-51acc327fe25" executionId="b7aaf2a0-30ef-408a-8981-57aaf71de57a" testListId="8c84fa94-04c1-424b-9868-57a2d4851a1d" />
    <TestEntry testId="46b171b2-fd78-f975-8ded-7bd08c21c551" executionId="efea2487-d7f7-491d-9330-3fe32d79bb53" testListId="8c84fa94-04c1-424b-9868-57a2d4851a1d" />
    <TestEntry testId="335b0d66-a108-a77b-b227-3e2b6c25c12b" executionId="3de5f884-9736-46de-9410-c7c42faa0d4a" testListId="8c84fa94-04c1-424b-9868-57a2d4851a1d" />
    <TestEntry testId="a3f5ba03-8546-1031-1d4b-770e603446d9" executionId="27b72f1c-c016-45ff-b44a-9c227cb77640" testListId="8c84fa94-04c1-424b-9868-57a2d4851a1d" />
    <TestEntry testId="3080e62f-3c05-4f72-3c06-30a09605ded6" executionId="abf2fc09-40b8-4397-96b5-740e112119c2" testListId="8c84fa94-04c1-424b-9868-57a2d4851a1d" />
    <TestEntry testId="295b85ae-e470-4a40-3251-3c768e86313b" executionId="d2b06215-b7f0-48eb-97d8-2d3c4ec146d2" testListId="8c84fa94-04c1-424b-9868-57a2d4851a1d" />
    <TestEntry testId="6e70848b-8a86-1382-9792-9eb73fe6026e" executionId="ac07ac39-b720-4cc1-a515-95cc002f556e" testListId="8c84fa94-04c1-424b-9868-57a2d4851a1d" />
    <TestEntry testId="35dee0f3-5ab9-4559-e522-521729deca39" executionId="24a1ec50-5028-4b1e-b6b0-be75a141ecd4" testListId="8c84fa94-04c1-424b-9868-57a2d4851a1d" />
    <TestEntry testId="b83aea7b-9c0b-e421-b7ea-33e67b357c24" executionId="aed19976-a331-42d9-91bf-3891dabdfe95" testListId="8c84fa94-04c1-424b-9868-57a2d4851a1d" />
    <TestEntry testId="e933217b-76a9-0f31-e243-fb69b7e04024" executionId="4e834738-ad9b-4c51-af04-fe8c0584303b" testListId="8c84fa94-04c1-424b-9868-57a2d4851a1d" />
    <TestEntry testId="4a1cee43-1fa9-c57b-9a56-c9c2dd672fc7" executionId="00575154-aa13-4428-a8aa-fad031cf82d1" testListId="8c84fa94-04c1-424b-9868-57a2d4851a1d" />
    <TestEntry testId="213d3ef9-a0c2-177f-1c57-95cc226685af" executionId="ab3c85fb-dd5e-46fb-9c50-14d8fa8a0414" testListId="8c84fa94-04c1-424b-9868-57a2d4851a1d" />
    <TestEntry testId="8c989ab4-46c2-2921-8fd4-b88ab39960e7" executionId="33f468ba-00cc-49ae-8834-815e1ff306d8" testListId="8c84fa94-04c1-424b-9868-57a2d4851a1d" />
    <TestEntry testId="c3205988-dbe3-e7a1-7588-b89999c93c1e" executionId="c2fb59d8-8861-4cb4-bbcb-93cc7be08a60" testListId="8c84fa94-04c1-424b-9868-57a2d4851a1d" />
    <TestEntry testId="55aee5e8-6dc9-c109-3418-811dbfe1864f" executionId="cdf01667-ada6-42b5-b4ab-02cf72d8488a" testListId="8c84fa94-04c1-424b-9868-57a2d4851a1d" />
    <TestEntry testId="a3b05350-f5e4-4f88-3a13-ded9ba34aba7" executionId="dc206044-a5c0-4727-a5af-75c3dd00d62e" testListId="8c84fa94-04c1-424b-9868-57a2d4851a1d" />
    <TestEntry testId="23dd5de1-c095-b794-1465-6efa56219c49" executionId="d3ea4877-dcd0-4c29-80cf-d70cedfd70b0" testListId="8c84fa94-04c1-424b-9868-57a2d4851a1d" />
    <TestEntry testId="c94791aa-500a-08f1-cd01-62cfe015bc65" executionId="35b31710-4115-4c32-9f27-d8b1078424a3" testListId="8c84fa94-04c1-424b-9868-57a2d4851a1d" />
    <TestEntry testId="62b1c574-b7d9-4144-7a77-ed7452b8e8a4" executionId="4df31551-032a-42cf-b4b4-4d9f34adc3f3" testListId="8c84fa94-04c1-424b-9868-57a2d4851a1d" />
    <TestEntry testId="f60649de-0feb-de9a-c02d-1d6cf860c082" executionId="708de1a0-77b4-4c23-b9ab-59c3329e73da" testListId="8c84fa94-04c1-424b-9868-57a2d4851a1d" />
    <TestEntry testId="35d76405-3962-65a0-411e-981fd3c94664" executionId="31a01fcf-a25a-48d4-bb03-294cd8dfb588" testListId="8c84fa94-04c1-424b-9868-57a2d4851a1d" />
    <TestEntry testId="96525e68-fd9f-1777-ede7-082f0814b8db" executionId="4f081cab-037e-48a0-810a-deab19937f1f" testListId="8c84fa94-04c1-424b-9868-57a2d4851a1d" />
    <TestEntry testId="49bab20b-b520-2cbb-9a41-83be140edc8c" executionId="da62e86c-cc90-408f-a0c3-07696206d497" testListId="8c84fa94-04c1-424b-9868-57a2d4851a1d" />
    <TestEntry testId="d5d57410-9e30-fb8f-820c-e7193c54d42b" executionId="250468e3-c466-4097-a14b-c90a0aacb627" testListId="8c84fa94-04c1-424b-9868-57a2d4851a1d" />
    <TestEntry testId="0be37819-e41a-a5b7-74a6-3ec791d54aa2" executionId="c9ed3279-3a06-4990-8473-2a1d1937d7de" testListId="8c84fa94-04c1-424b-9868-57a2d4851a1d" />
    <TestEntry testId="4fe807e9-7575-4879-1aa4-c4daf3bb59a2" executionId="2b2e2972-1922-4c8e-ba0c-2d3781c02666" testListId="8c84fa94-04c1-424b-9868-57a2d4851a1d" />
    <TestEntry testId="ad446417-488a-995b-a1be-b8fcbe6cd5b1" executionId="dc3918ed-c3df-46cc-91fb-fa1b4c109df8" testListId="8c84fa94-04c1-424b-9868-57a2d4851a1d" />
    <TestEntry testId="1f34bb46-1341-3619-41d5-77a4888139f3" executionId="25d0ba0e-2cfe-4489-ac71-3244ff704bc9" testListId="8c84fa94-04c1-424b-9868-57a2d4851a1d" />
    <TestEntry testId="25c4d2d0-5803-48df-293a-7b9c805e1aba" executionId="3cae10c3-4171-45a1-970a-00b07ff18de0" testListId="8c84fa94-04c1-424b-9868-57a2d4851a1d" />
    <TestEntry testId="42a60c5e-7da9-b536-f6ed-ff1276a47212" executionId="1cf2203d-a971-469b-80dd-25cfc29d5f55" testListId="8c84fa94-04c1-424b-9868-57a2d4851a1d" />
    <TestEntry testId="1c014f02-0ac9-1341-c1e9-88ee8e9f9fec" executionId="2e5bc5e2-e4bf-4087-a03a-c0bce00a2e70" testListId="8c84fa94-04c1-424b-9868-57a2d4851a1d" />
    <TestEntry testId="7c399161-f3c4-c5b0-8fa6-d9fd7ef1caa1" executionId="7f3340a8-77ad-40bd-bfa3-318f30a6d414" testListId="8c84fa94-04c1-424b-9868-57a2d4851a1d" />
    <TestEntry testId="38a4520b-54b9-0d88-b434-bdc6e2c59c6a" executionId="08d77810-ea18-4fd9-b16b-fa2933b6d1fb" testListId="8c84fa94-04c1-424b-9868-57a2d4851a1d" />
    <TestEntry testId="294b72a8-3cce-4ccf-0803-e0a1a66a5c6f" executionId="025bacf1-40ed-49b4-b595-51111d3a20d1" testListId="8c84fa94-04c1-424b-9868-57a2d4851a1d" />
    <TestEntry testId="53c60f16-f895-b158-7c9a-79ff2f409783" executionId="654c2a4e-0612-4311-9fe1-9d5dad625c89" testListId="8c84fa94-04c1-424b-9868-57a2d4851a1d" />
    <TestEntry testId="cd5d054d-cc41-9e0e-654b-d9a3bf3f4531" executionId="8d2add81-f316-4a5f-92da-1a3ffe313c70" testListId="8c84fa94-04c1-424b-9868-57a2d4851a1d" />
    <TestEntry testId="3ee33e40-643c-dc49-20ee-2992640c85f0" executionId="9b2cf50a-f4eb-4f54-98b3-205860f6aa92" testListId="8c84fa94-04c1-424b-9868-57a2d4851a1d" />
    <TestEntry testId="20858f36-010f-49dd-510d-2166b048146f" executionId="99e5dde9-a51e-4134-8240-1d3c9b34039c" testListId="8c84fa94-04c1-424b-9868-57a2d4851a1d" />
    <TestEntry testId="1b4ed7c6-a862-c70e-5578-d56f8af9d723" executionId="60c2b3dc-812b-458b-a8e4-daf4cbf3d835" testListId="8c84fa94-04c1-424b-9868-57a2d4851a1d" />
    <TestEntry testId="11dd88f3-f59d-7791-9ef4-a07ec445461e" executionId="cf559d4f-269f-4ae8-8f33-72884424b878" testListId="8c84fa94-04c1-424b-9868-57a2d4851a1d" />
    <TestEntry testId="fd6d94d9-373d-c97c-5fe8-4bd2bd62d073" executionId="e5c31ba5-9881-4685-b545-708464d35314" testListId="8c84fa94-04c1-424b-9868-57a2d4851a1d" />
  </TestEntries>
  <TestLists>
    <TestList name="Results Not in a List" id="8c84fa94-04c1-424b-9868-57a2d4851a1d" />
    <TestList name="All Loaded Results" id="19431567-8539-422a-85d7-44ee4e166bda" />
  </TestLists>
  <ResultSummary outcome="Completed">
    <Counters total="214" executed="214" passed="214" failed="0" error="0" timeout="0" aborted="0" inconclusive="0" passedButRunAborted="0" notRunnable="0" notExecuted="0" disconnected="0" warning="0" completed="0" inProgress="0" pending="0" />
    <Output>
      <StdOut>[xUnit.net 00:00:00.01] xUnit.net VSTest Adapter v2.5.3.1+6b60a9e56a (64-bit .NET 8.0.24)
[xUnit.net 00:00:00.26]   Discovering: Sayra.Client.Configuration.Tests
[xUnit.net 00:00:00.54]   Discovered:  Sayra.Client.Configuration.Tests
[xUnit.net 00:00:00.55]   Starting:    Sayra.Client.Configuration.Tests
[xUnit.net 00:01:48.40]   Finished:    Sayra.Client.Configuration.Tests
</StdOut>
    </Output>
  </ResultSummary>
</TestRun>